<?xml version="1.0" encoding="UTF-8"?>
<robot generator="Robot 6.1.1 (Python 3.10.1 on win32)" generated="20231208 17:42:00.898" rpa="false" schemaversion="4">
<suite id="s1" name="Testes Automatizados CCEE" source="C:\Users\augus\OneDrive\Documents\GitHub\ccee\features\insurance.robot">
<test id="s1-t1" name="Cenario: Validar registro de proposta de seguro com sucesso" line="11">
<kw name="Gerar Random Date of Birth" library="kws_insurance">
<kw name="Get Current Date" library="DateTime">
<var>${current_year}</var>
<arg>result_format=%Y</arg>
<doc>Returns current local or UTC time with an optional increment.</doc>
<msg timestamp="20231208 17:42:05.876" level="INFO">${current_year} = 2023</msg>
<status status="PASS" starttime="20231208 17:42:05.875" endtime="20231208 17:42:05.876"/>
</kw>
<kw name="Evaluate" library="BuiltIn">
<var>${birth_year}</var>
<arg>${current_year} - 18 - random.randint(19, 70)</arg>
<doc>Evaluates the given expression in Python and returns the result.</doc>
<msg timestamp="20231208 17:42:05.878" level="INFO">${birth_year} = 1980</msg>
<status status="PASS" starttime="20231208 17:42:05.877" endtime="20231208 17:42:05.878"/>
</kw>
<kw name="Evaluate" library="BuiltIn">
<var>${birth_month}</var>
<arg>str(random.randint(1, 12)).zfill(2)</arg>
<doc>Evaluates the given expression in Python and returns the result.</doc>
<msg timestamp="20231208 17:42:05.883" level="INFO">${birth_month} = 12</msg>
<status status="PASS" starttime="20231208 17:42:05.879" endtime="20231208 17:42:05.885"/>
</kw>
<kw name="Evaluate" library="BuiltIn">
<var>${birth_day}</var>
<arg>str(random.randint(1, 31)).zfill(2)</arg>
<doc>Evaluates the given expression in Python and returns the result.</doc>
<msg timestamp="20231208 17:42:05.905" level="INFO">${birth_day} = 04</msg>
<status status="PASS" starttime="20231208 17:42:05.887" endtime="20231208 17:42:05.907"/>
</kw>
<kw name="Set Variable" library="BuiltIn">
<var>${birth_date}</var>
<arg>${birth_month}/${birth_day}/${birth_year}</arg>
<doc>Returns the given values which can then be assigned to a variables.</doc>
<msg timestamp="20231208 17:42:05.911" level="INFO">${birth_date} = 12/04/1980</msg>
<status status="PASS" starttime="20231208 17:42:05.909" endtime="20231208 17:42:05.911"/>
</kw>
<kw name="Set Suite Variable" library="BuiltIn">
<arg>${birth_date}</arg>
<doc>Makes a variable available everywhere within the scope of the current suite.</doc>
<msg timestamp="20231208 17:42:05.914" level="INFO">${birth_date} = 12/04/1980</msg>
<status status="PASS" starttime="20231208 17:42:05.912" endtime="20231208 17:42:05.914"/>
</kw>
<kw name="Log To Console" library="BuiltIn">
<arg>\n.....a Data gerada foi: ${birth_date}</arg>
<doc>Logs the given message to the console.</doc>
<status status="PASS" starttime="20231208 17:42:05.915" endtime="20231208 17:42:05.921"/>
</kw>
<status status="PASS" starttime="20231208 17:42:05.873" endtime="20231208 17:42:05.922"/>
</kw>
<status status="PASS" starttime="20231208 17:42:05.871" endtime="20231208 17:42:05.923"/>
</test>
<doc>Referente aos testes de Proposta de Seguro</doc>
<status status="PASS" starttime="20231208 17:42:00.905" endtime="20231208 17:42:05.955"/>
</suite>
<statistics>
<total>
<stat pass="1" fail="0" skip="0">All Tests</stat>
</total>
<tag>
</tag>
<suite>
<stat pass="1" fail="0" skip="0" id="s1" name="Testes Automatizados CCEE">Testes Automatizados CCEE</stat>
</suite>
</statistics>
<errors>
</errors>
</robot>
