<?xml version="1.0" encoding="UTF-8"?>
<robot generator="Robot 6.1.1 (Python 3.10.1 on win32)" generated="20231207 11:56:46.341" rpa="false" schemaversion="4">
<suite id="s1" name="Testes Automatizados CCEE" source="C:\Projetos\CCEE\features\insurance.robot">
<test id="s1-t1" name="Cenario: Validar registro de proposta de seguro com sucesso" line="11">
<kw name="Open Session" library="hooks" type="SETUP">
<kw name="Open Browser" library="SeleniumLibrary">
<arg>about:blank</arg>
<arg>${browser}</arg>
<arg>options=add_experimental_option('excludeSwitches', ['enable-logging'])</arg>
<doc>Opens a new browser instance to the optional ``url``.</doc>
<msg timestamp="20231207 11:56:48.804" level="INFO">Opening browser 'chrome' to base url 'about:blank'.</msg>
<status status="PASS" starttime="20231207 11:56:48.801" endtime="20231207 11:56:51.645"/>
</kw>
<kw name="Set Selenium Timeout" library="SeleniumLibrary">
<arg>30</arg>
<doc>Sets the timeout that is used by various keywords.</doc>
<status status="PASS" starttime="20231207 11:56:51.647" endtime="20231207 11:56:51.653"/>
</kw>
<kw name="Set Window Size" library="SeleniumLibrary">
<arg>1280</arg>
<arg>1030</arg>
<doc>Sets current windows size to given ``width`` and ``height``.</doc>
<status status="PASS" starttime="20231207 11:56:51.653" endtime="20231207 11:56:51.864"/>
</kw>
<kw name="Set Window Position" library="SeleniumLibrary">
<arg>1285</arg>
<arg>0</arg>
<doc>Sets window position using ``x`` and ``y`` coordinates.</doc>
<status status="PASS" starttime="20231207 11:56:51.864" endtime="20231207 11:56:51.994"/>
</kw>
<kw name="Go To" library="SeleniumLibrary">
<arg>${PORTAL}</arg>
<doc>Navigates the current browser window to the provided ``url``.</doc>
<msg timestamp="20231207 11:56:51.995" level="INFO">Opening url 'https://sampleapp.tricentis.com/101/app.php'</msg>
<status status="PASS" starttime="20231207 11:56:51.995" endtime="20231207 11:56:53.174"/>
</kw>
<status status="PASS" starttime="20231207 11:56:48.799" endtime="20231207 11:56:53.174"/>
</kw>
<kw name="Dado que eu esteja na tela de &quot;Automobile Insurance&quot;" library="kws_insurance">
<kw name="Remove File" library="OperatingSystem">
<arg>${EXECDIR}${/}.logs\\*.png</arg>
<doc>Removes a file with the given path.</doc>
<msg timestamp="20231207 11:56:53.192" level="INFO" html="true">Removed file '&lt;a href="file://C:\Projetos\CCEE\.logs\selenium-screenshot-1.png"&gt;C:\Projetos\CCEE\.logs\selenium-screenshot-1.png&lt;/a&gt;'.</msg>
<msg timestamp="20231207 11:56:53.194" level="INFO" html="true">Removed file '&lt;a href="file://C:\Projetos\CCEE\.logs\selenium-screenshot-10.png"&gt;C:\Projetos\CCEE\.logs\selenium-screenshot-10.png&lt;/a&gt;'.</msg>
<msg timestamp="20231207 11:56:53.195" level="INFO" html="true">Removed file '&lt;a href="file://C:\Projetos\CCEE\.logs\selenium-screenshot-11.png"&gt;C:\Projetos\CCEE\.logs\selenium-screenshot-11.png&lt;/a&gt;'.</msg>
<msg timestamp="20231207 11:56:53.196" level="INFO" html="true">Removed file '&lt;a href="file://C:\Projetos\CCEE\.logs\selenium-screenshot-12.png"&gt;C:\Projetos\CCEE\.logs\selenium-screenshot-12.png&lt;/a&gt;'.</msg>
<msg timestamp="20231207 11:56:53.197" level="INFO" html="true">Removed file '&lt;a href="file://C:\Projetos\CCEE\.logs\selenium-screenshot-2.png"&gt;C:\Projetos\CCEE\.logs\selenium-screenshot-2.png&lt;/a&gt;'.</msg>
<msg timestamp="20231207 11:56:53.198" level="INFO" html="true">Removed file '&lt;a href="file://C:\Projetos\CCEE\.logs\selenium-screenshot-3.png"&gt;C:\Projetos\CCEE\.logs\selenium-screenshot-3.png&lt;/a&gt;'.</msg>
<msg timestamp="20231207 11:56:53.200" level="INFO" html="true">Removed file '&lt;a href="file://C:\Projetos\CCEE\.logs\selenium-screenshot-4.png"&gt;C:\Projetos\CCEE\.logs\selenium-screenshot-4.png&lt;/a&gt;'.</msg>
<msg timestamp="20231207 11:56:53.201" level="INFO" html="true">Removed file '&lt;a href="file://C:\Projetos\CCEE\.logs\selenium-screenshot-5.png"&gt;C:\Projetos\CCEE\.logs\selenium-screenshot-5.png&lt;/a&gt;'.</msg>
<msg timestamp="20231207 11:56:53.202" level="INFO" html="true">Removed file '&lt;a href="file://C:\Projetos\CCEE\.logs\selenium-screenshot-6.png"&gt;C:\Projetos\CCEE\.logs\selenium-screenshot-6.png&lt;/a&gt;'.</msg>
<msg timestamp="20231207 11:56:53.203" level="INFO" html="true">Removed file '&lt;a href="file://C:\Projetos\CCEE\.logs\selenium-screenshot-7.png"&gt;C:\Projetos\CCEE\.logs\selenium-screenshot-7.png&lt;/a&gt;'.</msg>
<msg timestamp="20231207 11:56:53.206" level="INFO" html="true">Removed file '&lt;a href="file://C:\Projetos\CCEE\.logs\selenium-screenshot-8.png"&gt;C:\Projetos\CCEE\.logs\selenium-screenshot-8.png&lt;/a&gt;'.</msg>
<msg timestamp="20231207 11:56:53.208" level="INFO" html="true">Removed file '&lt;a href="file://C:\Projetos\CCEE\.logs\selenium-screenshot-9.png"&gt;C:\Projetos\CCEE\.logs\selenium-screenshot-9.png&lt;/a&gt;'.</msg>
<status status="PASS" starttime="20231207 11:56:53.174" endtime="20231207 11:56:53.208"/>
</kw>
<kw name="Carregar site" library="kws_login">
<kw name="Dado que eu acesse o site da &quot;Tricentis&quot;" library="kws_login">
<kw name="Wait Until Page Contains" library="SeleniumLibrary">
<arg>Vehicle Insurance Application</arg>
<doc>Waits until ``text`` appears on the current page.</doc>
<status status="PASS" starttime="20231207 11:56:53.215" endtime="20231207 11:56:55.713"/>
</kw>
<status status="PASS" starttime="20231207 11:56:53.210" endtime="20231207 11:56:55.713"/>
</kw>
<kw name="Quando a página for carregada corretamente" library="kws_login">
<kw name="Wait Until Element Is Visible" library="SeleniumLibrary">
<arg>${slc_make}</arg>
<doc>Waits until the element ``locator`` is visible.</doc>
<status status="PASS" starttime="20231207 11:56:55.713" endtime="20231207 11:56:55.775"/>
</kw>
<status status="PASS" starttime="20231207 11:56:55.713" endtime="20231207 11:56:55.775"/>
</kw>
<kw name="Então a página estará pronta para iniciar a proposta" library="kws_login">
<kw name="Wait Until Page Contains" library="SeleniumLibrary">
<arg>Make</arg>
<doc>Waits until ``text`` appears on the current page.</doc>
<status status="PASS" starttime="20231207 11:56:55.779" endtime="20231207 11:56:55.800"/>
</kw>
<kw name="Capture Page Screenshot" library="SeleniumLibrary">
<doc>Takes a screenshot of the current page and embeds it into a log file.</doc>
<msg timestamp="20231207 11:56:55.998" level="INFO" html="true">&lt;/td&gt;&lt;/tr&gt;&lt;tr&gt;&lt;td colspan="3"&gt;&lt;a href="selenium-screenshot-1.png"&gt;&lt;img src="selenium-screenshot-1.png" width="800px"&gt;&lt;/a&gt;</msg>
<status status="PASS" starttime="20231207 11:56:55.801" endtime="20231207 11:56:55.998"/>
</kw>
<kw name="Reload Page" library="SeleniumLibrary">
<doc>Simulates user reloading page.</doc>
<status status="PASS" starttime="20231207 11:56:55.998" endtime="20231207 11:56:56.920"/>
</kw>
<kw name="Wait Until Page Contains" library="SeleniumLibrary">
<arg>7</arg>
<doc>Waits until ``text`` appears on the current page.</doc>
<status status="PASS" starttime="20231207 11:56:56.921" endtime="20231207 11:56:56.968"/>
</kw>
<status status="PASS" starttime="20231207 11:56:55.775" endtime="20231207 11:56:56.969"/>
</kw>
<status status="PASS" starttime="20231207 11:56:53.209" endtime="20231207 11:56:56.969"/>
</kw>
<status status="PASS" starttime="20231207 11:56:53.174" endtime="20231207 11:56:56.969"/>
</kw>
<kw name="Quando inicio a inserção dos dados da aba &quot;Enter Vehicle Data&quot;" library="kws_insurance">
<kw name="Log To Console" library="BuiltIn">
<arg>...\n</arg>
<doc>Logs the given message to the console.</doc>
<status status="PASS" starttime="20231207 11:56:56.971" endtime="20231207 11:56:56.971"/>
</kw>
<kw name="Log To Console" library="BuiltIn">
<arg>==============================================================================</arg>
<doc>Logs the given message to the console.</doc>
<status status="PASS" starttime="20231207 11:56:56.971" endtime="20231207 11:56:56.979"/>
</kw>
<kw name="Log To Console" library="BuiltIn">
<arg>Inserindo os dados da aba "Enter Vehicle Data"</arg>
<doc>Logs the given message to the console.</doc>
<status status="PASS" starttime="20231207 11:56:56.979" endtime="20231207 11:56:56.979"/>
</kw>
<kw name="Log To Console" library="BuiltIn">
<arg>==============================================================================\n</arg>
<doc>Logs the given message to the console.</doc>
<status status="PASS" starttime="20231207 11:56:56.983" endtime="20231207 11:56:56.984"/>
</kw>
<kw name="Get Current Date" library="DateTime">
<var>${date}</var>
<doc>Returns current local or UTC time with an optional increment.</doc>
<msg timestamp="20231207 11:56:56.985" level="INFO">${date} = 2023-12-07 11:56:56.985</msg>
<status status="PASS" starttime="20231207 11:56:56.984" endtime="20231207 11:56:56.985"/>
</kw>
<kw name="Convert Date" library="DateTime">
<var>${date}</var>
<arg>${date}</arg>
<arg>result_format=%m/%d/%Y</arg>
<doc>Converts between supported `date formats`.</doc>
<msg timestamp="20231207 11:56:56.990" level="INFO">${date} = 12/07/2023</msg>
<status status="PASS" starttime="20231207 11:56:56.985" endtime="20231207 11:56:56.990"/>
</kw>
<kw name="Set Suite Variable" library="BuiltIn">
<arg>${date_manufacture}</arg>
<arg>${date}</arg>
<doc>Makes a variable available everywhere within the scope of the current suite.</doc>
<msg timestamp="20231207 11:56:57.000" level="INFO">${date_manufacture} = 12/07/2023</msg>
<status status="PASS" starttime="20231207 11:56:56.990" endtime="20231207 11:56:57.000"/>
</kw>
<kw name="Wait Until Element Is Visible" library="SeleniumLibrary">
<arg>${slc_make}</arg>
<doc>Waits until the element ``locator`` is visible.</doc>
<status status="PASS" starttime="20231207 11:56:57.001" endtime="20231207 11:56:57.052"/>
</kw>
<kw name="Escolher Modelo" library="kws_insurance">
<kw name="Create List" library="BuiltIn">
<var>${modelos}</var>
<arg>Audi</arg>
<arg>BMW</arg>
<arg>Ford</arg>
<arg>Honda</arg>
<arg>Mazda</arg>
<arg>Nissan</arg>
<arg>Opel</arg>
<arg>Porsche</arg>
<arg>Mercedes Benz</arg>
<arg>Renault</arg>
<arg>Skoda</arg>
<arg>Suzuki</arg>
<arg>Toyota</arg>
<arg>Volkswagen</arg>
<arg>Volvo</arg>
<doc>Returns a list containing given items.</doc>
<msg timestamp="20231207 11:56:57.054" level="INFO">${modelos} = ['Audi', 'BMW', 'Ford', 'Honda', 'Mazda', 'Nissan', 'Opel', 'Porsche', 'Mercedes Benz', 'Renault', 'Skoda', 'Suzuki', 'Toyota', 'Volkswagen', 'Volvo']</msg>
<status status="PASS" starttime="20231207 11:56:57.053" endtime="20231207 11:56:57.054"/>
</kw>
<for flavor="IN">
<var>${modelo}</var>
<value>@{modelos}</value>
<iter>
<var name="${modelo}">Audi</var>
<kw name="Evaluate" library="BuiltIn">
<var>${size}</var>
<arg>len(${modelos}) - 1</arg>
<doc>Evaluates the given expression in Python and returns the result.</doc>
<msg timestamp="20231207 11:56:57.055" level="INFO">${size} = 14</msg>
<status status="PASS" starttime="20231207 11:56:57.054" endtime="20231207 11:56:57.055"/>
</kw>
<kw name="Random Int" library="FakerLibrary">
<var>${rand}</var>
<arg>min=0</arg>
<arg>max=${size}</arg>
<doc>Generate a random integer between two integers ``min`` and ``max`` inclusive
while observing the provided ``step`` value.</doc>
<msg timestamp="20231207 11:56:57.056" level="INFO">${rand} = 1</msg>
<status status="PASS" starttime="20231207 11:56:57.055" endtime="20231207 11:56:57.056"/>
</kw>
<kw name="Set Suite Variable" library="BuiltIn">
<arg>${modelo_make}</arg>
<arg>${modelos[${rand}]}</arg>
<doc>Makes a variable available everywhere within the scope of the current suite.</doc>
<msg timestamp="20231207 11:56:57.061" level="INFO">${modelo_make} = BMW</msg>
<status status="PASS" starttime="20231207 11:56:57.056" endtime="20231207 11:56:57.061"/>
</kw>
<kw name="Log" library="BuiltIn">
<arg>O modelo selecionado foi ${modelo_make}</arg>
<doc>Logs the given message with the given level.</doc>
<msg timestamp="20231207 11:56:57.062" level="INFO">O modelo selecionado foi BMW</msg>
<status status="PASS" starttime="20231207 11:56:57.061" endtime="20231207 11:56:57.062"/>
</kw>
<status status="PASS" starttime="20231207 11:56:57.054" endtime="20231207 11:56:57.062"/>
</iter>
<iter>
<var name="${modelo}">BMW</var>
<kw name="Evaluate" library="BuiltIn">
<var>${size}</var>
<arg>len(${modelos}) - 1</arg>
<doc>Evaluates the given expression in Python and returns the result.</doc>
<msg timestamp="20231207 11:56:57.063" level="INFO">${size} = 14</msg>
<status status="PASS" starttime="20231207 11:56:57.062" endtime="20231207 11:56:57.063"/>
</kw>
<kw name="Random Int" library="FakerLibrary">
<var>${rand}</var>
<arg>min=0</arg>
<arg>max=${size}</arg>
<doc>Generate a random integer between two integers ``min`` and ``max`` inclusive
while observing the provided ``step`` value.</doc>
<msg timestamp="20231207 11:56:57.064" level="INFO">${rand} = 9</msg>
<status status="PASS" starttime="20231207 11:56:57.064" endtime="20231207 11:56:57.064"/>
</kw>
<kw name="Set Suite Variable" library="BuiltIn">
<arg>${modelo_make}</arg>
<arg>${modelos[${rand}]}</arg>
<doc>Makes a variable available everywhere within the scope of the current suite.</doc>
<msg timestamp="20231207 11:56:57.066" level="INFO">${modelo_make} = Renault</msg>
<status status="PASS" starttime="20231207 11:56:57.065" endtime="20231207 11:56:57.066"/>
</kw>
<kw name="Log" library="BuiltIn">
<arg>O modelo selecionado foi ${modelo_make}</arg>
<doc>Logs the given message with the given level.</doc>
<msg timestamp="20231207 11:56:57.067" level="INFO">O modelo selecionado foi Renault</msg>
<status status="PASS" starttime="20231207 11:56:57.067" endtime="20231207 11:56:57.067"/>
</kw>
<status status="PASS" starttime="20231207 11:56:57.062" endtime="20231207 11:56:57.067"/>
</iter>
<iter>
<var name="${modelo}">Ford</var>
<kw name="Evaluate" library="BuiltIn">
<var>${size}</var>
<arg>len(${modelos}) - 1</arg>
<doc>Evaluates the given expression in Python and returns the result.</doc>
<msg timestamp="20231207 11:56:57.068" level="INFO">${size} = 14</msg>
<status status="PASS" starttime="20231207 11:56:57.068" endtime="20231207 11:56:57.068"/>
</kw>
<kw name="Random Int" library="FakerLibrary">
<var>${rand}</var>
<arg>min=0</arg>
<arg>max=${size}</arg>
<doc>Generate a random integer between two integers ``min`` and ``max`` inclusive
while observing the provided ``step`` value.</doc>
<msg timestamp="20231207 11:56:57.069" level="INFO">${rand} = 1</msg>
<status status="PASS" starttime="20231207 11:56:57.069" endtime="20231207 11:56:57.069"/>
</kw>
<kw name="Set Suite Variable" library="BuiltIn">
<arg>${modelo_make}</arg>
<arg>${modelos[${rand}]}</arg>
<doc>Makes a variable available everywhere within the scope of the current suite.</doc>
<msg timestamp="20231207 11:56:57.071" level="INFO">${modelo_make} = BMW</msg>
<status status="PASS" starttime="20231207 11:56:57.069" endtime="20231207 11:56:57.071"/>
</kw>
<kw name="Log" library="BuiltIn">
<arg>O modelo selecionado foi ${modelo_make}</arg>
<doc>Logs the given message with the given level.</doc>
<msg timestamp="20231207 11:56:57.071" level="INFO">O modelo selecionado foi BMW</msg>
<status status="PASS" starttime="20231207 11:56:57.071" endtime="20231207 11:56:57.072"/>
</kw>
<status status="PASS" starttime="20231207 11:56:57.067" endtime="20231207 11:56:57.072"/>
</iter>
<iter>
<var name="${modelo}">Honda</var>
<kw name="Evaluate" library="BuiltIn">
<var>${size}</var>
<arg>len(${modelos}) - 1</arg>
<doc>Evaluates the given expression in Python and returns the result.</doc>
<msg timestamp="20231207 11:56:57.073" level="INFO">${size} = 14</msg>
<status status="PASS" starttime="20231207 11:56:57.072" endtime="20231207 11:56:57.073"/>
</kw>
<kw name="Random Int" library="FakerLibrary">
<var>${rand}</var>
<arg>min=0</arg>
<arg>max=${size}</arg>
<doc>Generate a random integer between two integers ``min`` and ``max`` inclusive
while observing the provided ``step`` value.</doc>
<msg timestamp="20231207 11:56:57.073" level="INFO">${rand} = 0</msg>
<status status="PASS" starttime="20231207 11:56:57.073" endtime="20231207 11:56:57.074"/>
</kw>
<kw name="Set Suite Variable" library="BuiltIn">
<arg>${modelo_make}</arg>
<arg>${modelos[${rand}]}</arg>
<doc>Makes a variable available everywhere within the scope of the current suite.</doc>
<msg timestamp="20231207 11:56:57.076" level="INFO">${modelo_make} = Audi</msg>
<status status="PASS" starttime="20231207 11:56:57.074" endtime="20231207 11:56:57.078"/>
</kw>
<kw name="Log" library="BuiltIn">
<arg>O modelo selecionado foi ${modelo_make}</arg>
<doc>Logs the given message with the given level.</doc>
<msg timestamp="20231207 11:56:57.079" level="INFO">O modelo selecionado foi Audi</msg>
<status status="PASS" starttime="20231207 11:56:57.078" endtime="20231207 11:56:57.079"/>
</kw>
<status status="PASS" starttime="20231207 11:56:57.072" endtime="20231207 11:56:57.079"/>
</iter>
<iter>
<var name="${modelo}">Mazda</var>
<kw name="Evaluate" library="BuiltIn">
<var>${size}</var>
<arg>len(${modelos}) - 1</arg>
<doc>Evaluates the given expression in Python and returns the result.</doc>
<msg timestamp="20231207 11:56:57.079" level="INFO">${size} = 14</msg>
<status status="PASS" starttime="20231207 11:56:57.079" endtime="20231207 11:56:57.079"/>
</kw>
<kw name="Random Int" library="FakerLibrary">
<var>${rand}</var>
<arg>min=0</arg>
<arg>max=${size}</arg>
<doc>Generate a random integer between two integers ``min`` and ``max`` inclusive
while observing the provided ``step`` value.</doc>
<msg timestamp="20231207 11:56:57.079" level="INFO">${rand} = 1</msg>
<status status="PASS" starttime="20231207 11:56:57.079" endtime="20231207 11:56:57.079"/>
</kw>
<kw name="Set Suite Variable" library="BuiltIn">
<arg>${modelo_make}</arg>
<arg>${modelos[${rand}]}</arg>
<doc>Makes a variable available everywhere within the scope of the current suite.</doc>
<msg timestamp="20231207 11:56:57.079" level="INFO">${modelo_make} = BMW</msg>
<status status="PASS" starttime="20231207 11:56:57.079" endtime="20231207 11:56:57.079"/>
</kw>
<kw name="Log" library="BuiltIn">
<arg>O modelo selecionado foi ${modelo_make}</arg>
<doc>Logs the given message with the given level.</doc>
<msg timestamp="20231207 11:56:57.079" level="INFO">O modelo selecionado foi BMW</msg>
<status status="PASS" starttime="20231207 11:56:57.079" endtime="20231207 11:56:57.079"/>
</kw>
<status status="PASS" starttime="20231207 11:56:57.079" endtime="20231207 11:56:57.079"/>
</iter>
<iter>
<var name="${modelo}">Nissan</var>
<kw name="Evaluate" library="BuiltIn">
<var>${size}</var>
<arg>len(${modelos}) - 1</arg>
<doc>Evaluates the given expression in Python and returns the result.</doc>
<msg timestamp="20231207 11:56:57.079" level="INFO">${size} = 14</msg>
<status status="PASS" starttime="20231207 11:56:57.079" endtime="20231207 11:56:57.079"/>
</kw>
<kw name="Random Int" library="FakerLibrary">
<var>${rand}</var>
<arg>min=0</arg>
<arg>max=${size}</arg>
<doc>Generate a random integer between two integers ``min`` and ``max`` inclusive
while observing the provided ``step`` value.</doc>
<msg timestamp="20231207 11:56:57.079" level="INFO">${rand} = 2</msg>
<status status="PASS" starttime="20231207 11:56:57.079" endtime="20231207 11:56:57.079"/>
</kw>
<kw name="Set Suite Variable" library="BuiltIn">
<arg>${modelo_make}</arg>
<arg>${modelos[${rand}]}</arg>
<doc>Makes a variable available everywhere within the scope of the current suite.</doc>
<msg timestamp="20231207 11:56:57.079" level="INFO">${modelo_make} = Ford</msg>
<status status="PASS" starttime="20231207 11:56:57.079" endtime="20231207 11:56:57.079"/>
</kw>
<kw name="Log" library="BuiltIn">
<arg>O modelo selecionado foi ${modelo_make}</arg>
<doc>Logs the given message with the given level.</doc>
<msg timestamp="20231207 11:56:57.079" level="INFO">O modelo selecionado foi Ford</msg>
<status status="PASS" starttime="20231207 11:56:57.079" endtime="20231207 11:56:57.079"/>
</kw>
<status status="PASS" starttime="20231207 11:56:57.079" endtime="20231207 11:56:57.079"/>
</iter>
<iter>
<var name="${modelo}">Opel</var>
<kw name="Evaluate" library="BuiltIn">
<var>${size}</var>
<arg>len(${modelos}) - 1</arg>
<doc>Evaluates the given expression in Python and returns the result.</doc>
<msg timestamp="20231207 11:56:57.079" level="INFO">${size} = 14</msg>
<status status="PASS" starttime="20231207 11:56:57.079" endtime="20231207 11:56:57.079"/>
</kw>
<kw name="Random Int" library="FakerLibrary">
<var>${rand}</var>
<arg>min=0</arg>
<arg>max=${size}</arg>
<doc>Generate a random integer between two integers ``min`` and ``max`` inclusive
while observing the provided ``step`` value.</doc>
<msg timestamp="20231207 11:56:57.079" level="INFO">${rand} = 0</msg>
<status status="PASS" starttime="20231207 11:56:57.079" endtime="20231207 11:56:57.079"/>
</kw>
<kw name="Set Suite Variable" library="BuiltIn">
<arg>${modelo_make}</arg>
<arg>${modelos[${rand}]}</arg>
<doc>Makes a variable available everywhere within the scope of the current suite.</doc>
<msg timestamp="20231207 11:56:57.079" level="INFO">${modelo_make} = Audi</msg>
<status status="PASS" starttime="20231207 11:56:57.079" endtime="20231207 11:56:57.079"/>
</kw>
<kw name="Log" library="BuiltIn">
<arg>O modelo selecionado foi ${modelo_make}</arg>
<doc>Logs the given message with the given level.</doc>
<msg timestamp="20231207 11:56:57.094" level="INFO">O modelo selecionado foi Audi</msg>
<status status="PASS" starttime="20231207 11:56:57.093" endtime="20231207 11:56:57.094"/>
</kw>
<status status="PASS" starttime="20231207 11:56:57.079" endtime="20231207 11:56:57.094"/>
</iter>
<iter>
<var name="${modelo}">Porsche</var>
<kw name="Evaluate" library="BuiltIn">
<var>${size}</var>
<arg>len(${modelos}) - 1</arg>
<doc>Evaluates the given expression in Python and returns the result.</doc>
<msg timestamp="20231207 11:56:57.095" level="INFO">${size} = 14</msg>
<status status="PASS" starttime="20231207 11:56:57.095" endtime="20231207 11:56:57.095"/>
</kw>
<kw name="Random Int" library="FakerLibrary">
<var>${rand}</var>
<arg>min=0</arg>
<arg>max=${size}</arg>
<doc>Generate a random integer between two integers ``min`` and ``max`` inclusive
while observing the provided ``step`` value.</doc>
<msg timestamp="20231207 11:56:57.095" level="INFO">${rand} = 5</msg>
<status status="PASS" starttime="20231207 11:56:57.095" endtime="20231207 11:56:57.095"/>
</kw>
<kw name="Set Suite Variable" library="BuiltIn">
<arg>${modelo_make}</arg>
<arg>${modelos[${rand}]}</arg>
<doc>Makes a variable available everywhere within the scope of the current suite.</doc>
<msg timestamp="20231207 11:56:57.095" level="INFO">${modelo_make} = Nissan</msg>
<status status="PASS" starttime="20231207 11:56:57.095" endtime="20231207 11:56:57.095"/>
</kw>
<kw name="Log" library="BuiltIn">
<arg>O modelo selecionado foi ${modelo_make}</arg>
<doc>Logs the given message with the given level.</doc>
<msg timestamp="20231207 11:56:57.095" level="INFO">O modelo selecionado foi Nissan</msg>
<status status="PASS" starttime="20231207 11:56:57.095" endtime="20231207 11:56:57.095"/>
</kw>
<status status="PASS" starttime="20231207 11:56:57.095" endtime="20231207 11:56:57.095"/>
</iter>
<iter>
<var name="${modelo}">Mercedes Benz</var>
<kw name="Evaluate" library="BuiltIn">
<var>${size}</var>
<arg>len(${modelos}) - 1</arg>
<doc>Evaluates the given expression in Python and returns the result.</doc>
<msg timestamp="20231207 11:56:57.095" level="INFO">${size} = 14</msg>
<status status="PASS" starttime="20231207 11:56:57.095" endtime="20231207 11:56:57.095"/>
</kw>
<kw name="Random Int" library="FakerLibrary">
<var>${rand}</var>
<arg>min=0</arg>
<arg>max=${size}</arg>
<doc>Generate a random integer between two integers ``min`` and ``max`` inclusive
while observing the provided ``step`` value.</doc>
<msg timestamp="20231207 11:56:57.095" level="INFO">${rand} = 14</msg>
<status status="PASS" starttime="20231207 11:56:57.095" endtime="20231207 11:56:57.095"/>
</kw>
<kw name="Set Suite Variable" library="BuiltIn">
<arg>${modelo_make}</arg>
<arg>${modelos[${rand}]}</arg>
<doc>Makes a variable available everywhere within the scope of the current suite.</doc>
<msg timestamp="20231207 11:56:57.095" level="INFO">${modelo_make} = Volvo</msg>
<status status="PASS" starttime="20231207 11:56:57.095" endtime="20231207 11:56:57.095"/>
</kw>
<kw name="Log" library="BuiltIn">
<arg>O modelo selecionado foi ${modelo_make}</arg>
<doc>Logs the given message with the given level.</doc>
<msg timestamp="20231207 11:56:57.095" level="INFO">O modelo selecionado foi Volvo</msg>
<status status="PASS" starttime="20231207 11:56:57.095" endtime="20231207 11:56:57.095"/>
</kw>
<status status="PASS" starttime="20231207 11:56:57.095" endtime="20231207 11:56:57.095"/>
</iter>
<iter>
<var name="${modelo}">Renault</var>
<kw name="Evaluate" library="BuiltIn">
<var>${size}</var>
<arg>len(${modelos}) - 1</arg>
<doc>Evaluates the given expression in Python and returns the result.</doc>
<msg timestamp="20231207 11:56:57.095" level="INFO">${size} = 14</msg>
<status status="PASS" starttime="20231207 11:56:57.095" endtime="20231207 11:56:57.095"/>
</kw>
<kw name="Random Int" library="FakerLibrary">
<var>${rand}</var>
<arg>min=0</arg>
<arg>max=${size}</arg>
<doc>Generate a random integer between two integers ``min`` and ``max`` inclusive
while observing the provided ``step`` value.</doc>
<msg timestamp="20231207 11:56:57.095" level="INFO">${rand} = 8</msg>
<status status="PASS" starttime="20231207 11:56:57.095" endtime="20231207 11:56:57.095"/>
</kw>
<kw name="Set Suite Variable" library="BuiltIn">
<arg>${modelo_make}</arg>
<arg>${modelos[${rand}]}</arg>
<doc>Makes a variable available everywhere within the scope of the current suite.</doc>
<msg timestamp="20231207 11:56:57.095" level="INFO">${modelo_make} = Mercedes Benz</msg>
<status status="PASS" starttime="20231207 11:56:57.095" endtime="20231207 11:56:57.095"/>
</kw>
<kw name="Log" library="BuiltIn">
<arg>O modelo selecionado foi ${modelo_make}</arg>
<doc>Logs the given message with the given level.</doc>
<msg timestamp="20231207 11:56:57.111" level="INFO">O modelo selecionado foi Mercedes Benz</msg>
<status status="PASS" starttime="20231207 11:56:57.110" endtime="20231207 11:56:57.111"/>
</kw>
<status status="PASS" starttime="20231207 11:56:57.095" endtime="20231207 11:56:57.111"/>
</iter>
<iter>
<var name="${modelo}">Skoda</var>
<kw name="Evaluate" library="BuiltIn">
<var>${size}</var>
<arg>len(${modelos}) - 1</arg>
<doc>Evaluates the given expression in Python and returns the result.</doc>
<msg timestamp="20231207 11:56:57.113" level="INFO">${size} = 14</msg>
<status status="PASS" starttime="20231207 11:56:57.112" endtime="20231207 11:56:57.113"/>
</kw>
<kw name="Random Int" library="FakerLibrary">
<var>${rand}</var>
<arg>min=0</arg>
<arg>max=${size}</arg>
<doc>Generate a random integer between two integers ``min`` and ``max`` inclusive
while observing the provided ``step`` value.</doc>
<msg timestamp="20231207 11:56:57.113" level="INFO">${rand} = 3</msg>
<status status="PASS" starttime="20231207 11:56:57.113" endtime="20231207 11:56:57.113"/>
</kw>
<kw name="Set Suite Variable" library="BuiltIn">
<arg>${modelo_make}</arg>
<arg>${modelos[${rand}]}</arg>
<doc>Makes a variable available everywhere within the scope of the current suite.</doc>
<msg timestamp="20231207 11:56:57.113" level="INFO">${modelo_make} = Honda</msg>
<status status="PASS" starttime="20231207 11:56:57.113" endtime="20231207 11:56:57.113"/>
</kw>
<kw name="Log" library="BuiltIn">
<arg>O modelo selecionado foi ${modelo_make}</arg>
<doc>Logs the given message with the given level.</doc>
<msg timestamp="20231207 11:56:57.113" level="INFO">O modelo selecionado foi Honda</msg>
<status status="PASS" starttime="20231207 11:56:57.113" endtime="20231207 11:56:57.113"/>
</kw>
<status status="PASS" starttime="20231207 11:56:57.111" endtime="20231207 11:56:57.113"/>
</iter>
<iter>
<var name="${modelo}">Suzuki</var>
<kw name="Evaluate" library="BuiltIn">
<var>${size}</var>
<arg>len(${modelos}) - 1</arg>
<doc>Evaluates the given expression in Python and returns the result.</doc>
<msg timestamp="20231207 11:56:57.113" level="INFO">${size} = 14</msg>
<status status="PASS" starttime="20231207 11:56:57.113" endtime="20231207 11:56:57.113"/>
</kw>
<kw name="Random Int" library="FakerLibrary">
<var>${rand}</var>
<arg>min=0</arg>
<arg>max=${size}</arg>
<doc>Generate a random integer between two integers ``min`` and ``max`` inclusive
while observing the provided ``step`` value.</doc>
<msg timestamp="20231207 11:56:57.113" level="INFO">${rand} = 5</msg>
<status status="PASS" starttime="20231207 11:56:57.113" endtime="20231207 11:56:57.113"/>
</kw>
<kw name="Set Suite Variable" library="BuiltIn">
<arg>${modelo_make}</arg>
<arg>${modelos[${rand}]}</arg>
<doc>Makes a variable available everywhere within the scope of the current suite.</doc>
<msg timestamp="20231207 11:56:57.113" level="INFO">${modelo_make} = Nissan</msg>
<status status="PASS" starttime="20231207 11:56:57.113" endtime="20231207 11:56:57.113"/>
</kw>
<kw name="Log" library="BuiltIn">
<arg>O modelo selecionado foi ${modelo_make}</arg>
<doc>Logs the given message with the given level.</doc>
<msg timestamp="20231207 11:56:57.113" level="INFO">O modelo selecionado foi Nissan</msg>
<status status="PASS" starttime="20231207 11:56:57.113" endtime="20231207 11:56:57.113"/>
</kw>
<status status="PASS" starttime="20231207 11:56:57.113" endtime="20231207 11:56:57.113"/>
</iter>
<iter>
<var name="${modelo}">Toyota</var>
<kw name="Evaluate" library="BuiltIn">
<var>${size}</var>
<arg>len(${modelos}) - 1</arg>
<doc>Evaluates the given expression in Python and returns the result.</doc>
<msg timestamp="20231207 11:56:57.113" level="INFO">${size} = 14</msg>
<status status="PASS" starttime="20231207 11:56:57.113" endtime="20231207 11:56:57.113"/>
</kw>
<kw name="Random Int" library="FakerLibrary">
<var>${rand}</var>
<arg>min=0</arg>
<arg>max=${size}</arg>
<doc>Generate a random integer between two integers ``min`` and ``max`` inclusive
while observing the provided ``step`` value.</doc>
<msg timestamp="20231207 11:56:57.113" level="INFO">${rand} = 1</msg>
<status status="PASS" starttime="20231207 11:56:57.113" endtime="20231207 11:56:57.113"/>
</kw>
<kw name="Set Suite Variable" library="BuiltIn">
<arg>${modelo_make}</arg>
<arg>${modelos[${rand}]}</arg>
<doc>Makes a variable available everywhere within the scope of the current suite.</doc>
<msg timestamp="20231207 11:56:57.113" level="INFO">${modelo_make} = BMW</msg>
<status status="PASS" starttime="20231207 11:56:57.113" endtime="20231207 11:56:57.113"/>
</kw>
<kw name="Log" library="BuiltIn">
<arg>O modelo selecionado foi ${modelo_make}</arg>
<doc>Logs the given message with the given level.</doc>
<msg timestamp="20231207 11:56:57.113" level="INFO">O modelo selecionado foi BMW</msg>
<status status="PASS" starttime="20231207 11:56:57.113" endtime="20231207 11:56:57.113"/>
</kw>
<status status="PASS" starttime="20231207 11:56:57.113" endtime="20231207 11:56:57.113"/>
</iter>
<iter>
<var name="${modelo}">Volkswagen</var>
<kw name="Evaluate" library="BuiltIn">
<var>${size}</var>
<arg>len(${modelos}) - 1</arg>
<doc>Evaluates the given expression in Python and returns the result.</doc>
<msg timestamp="20231207 11:56:57.113" level="INFO">${size} = 14</msg>
<status status="PASS" starttime="20231207 11:56:57.113" endtime="20231207 11:56:57.113"/>
</kw>
<kw name="Random Int" library="FakerLibrary">
<var>${rand}</var>
<arg>min=0</arg>
<arg>max=${size}</arg>
<doc>Generate a random integer between two integers ``min`` and ``max`` inclusive
while observing the provided ``step`` value.</doc>
<msg timestamp="20231207 11:56:57.127" level="INFO">${rand} = 3</msg>
<status status="PASS" starttime="20231207 11:56:57.113" endtime="20231207 11:56:57.127"/>
</kw>
<kw name="Set Suite Variable" library="BuiltIn">
<arg>${modelo_make}</arg>
<arg>${modelos[${rand}]}</arg>
<doc>Makes a variable available everywhere within the scope of the current suite.</doc>
<msg timestamp="20231207 11:56:57.128" level="INFO">${modelo_make} = Honda</msg>
<status status="PASS" starttime="20231207 11:56:57.128" endtime="20231207 11:56:57.128"/>
</kw>
<kw name="Log" library="BuiltIn">
<arg>O modelo selecionado foi ${modelo_make}</arg>
<doc>Logs the given message with the given level.</doc>
<msg timestamp="20231207 11:56:57.128" level="INFO">O modelo selecionado foi Honda</msg>
<status status="PASS" starttime="20231207 11:56:57.128" endtime="20231207 11:56:57.128"/>
</kw>
<status status="PASS" starttime="20231207 11:56:57.113" endtime="20231207 11:56:57.128"/>
</iter>
<iter>
<var name="${modelo}">Volvo</var>
<kw name="Evaluate" library="BuiltIn">
<var>${size}</var>
<arg>len(${modelos}) - 1</arg>
<doc>Evaluates the given expression in Python and returns the result.</doc>
<msg timestamp="20231207 11:56:57.128" level="INFO">${size} = 14</msg>
<status status="PASS" starttime="20231207 11:56:57.128" endtime="20231207 11:56:57.128"/>
</kw>
<kw name="Random Int" library="FakerLibrary">
<var>${rand}</var>
<arg>min=0</arg>
<arg>max=${size}</arg>
<doc>Generate a random integer between two integers ``min`` and ``max`` inclusive
while observing the provided ``step`` value.</doc>
<msg timestamp="20231207 11:56:57.128" level="INFO">${rand} = 3</msg>
<status status="PASS" starttime="20231207 11:56:57.128" endtime="20231207 11:56:57.128"/>
</kw>
<kw name="Set Suite Variable" library="BuiltIn">
<arg>${modelo_make}</arg>
<arg>${modelos[${rand}]}</arg>
<doc>Makes a variable available everywhere within the scope of the current suite.</doc>
<msg timestamp="20231207 11:56:57.128" level="INFO">${modelo_make} = Honda</msg>
<status status="PASS" starttime="20231207 11:56:57.128" endtime="20231207 11:56:57.128"/>
</kw>
<kw name="Log" library="BuiltIn">
<arg>O modelo selecionado foi ${modelo_make}</arg>
<doc>Logs the given message with the given level.</doc>
<msg timestamp="20231207 11:56:57.128" level="INFO">O modelo selecionado foi Honda</msg>
<status status="PASS" starttime="20231207 11:56:57.128" endtime="20231207 11:56:57.128"/>
</kw>
<status status="PASS" starttime="20231207 11:56:57.128" endtime="20231207 11:56:57.128"/>
</iter>
<status status="PASS" starttime="20231207 11:56:57.054" endtime="20231207 11:56:57.128"/>
</for>
<status status="PASS" starttime="20231207 11:56:57.052" endtime="20231207 11:56:57.128"/>
</kw>
<kw name="Click Element" library="SeleniumLibrary">
<arg>${slc_make}</arg>
<doc>Click the element identified by ``locator``.</doc>
<msg timestamp="20231207 11:56:57.128" level="INFO">Clicking element 'id:make'.</msg>
<status status="PASS" starttime="20231207 11:56:57.128" endtime="20231207 11:56:57.254"/>
</kw>
<kw name="Wait Until Element Is Visible" library="SeleniumLibrary">
<arg>xpath=//*[contains(text(),'${modelo_make}')]</arg>
<doc>Waits until the element ``locator`` is visible.</doc>
<status status="PASS" starttime="20231207 11:56:57.255" endtime="20231207 11:56:57.309"/>
</kw>
<kw name="Click Element" library="SeleniumLibrary">
<arg>xpath=//*[contains(text(),'${modelo_make}')]</arg>
<doc>Click the element identified by ``locator``.</doc>
<msg timestamp="20231207 11:56:57.312" level="INFO">Clicking element 'xpath=//*[contains(text(),'Honda')]'.</msg>
<status status="PASS" starttime="20231207 11:56:57.309" endtime="20231207 11:56:57.375"/>
</kw>
<kw name="Gerar Performance" library="kws_insurance">
<kw name="Evaluate" library="BuiltIn">
<var>${random_number}</var>
<arg>str(random.randint(1, 2001))</arg>
<doc>Evaluates the given expression in Python and returns the result.</doc>
<msg timestamp="20231207 11:56:57.380" level="INFO">${random_number} = 1858</msg>
<status status="PASS" starttime="20231207 11:56:57.378" endtime="20231207 11:56:57.380"/>
</kw>
<kw name="Set Suite Variable" library="BuiltIn">
<arg>${number_kw}</arg>
<arg>${random_number}</arg>
<doc>Makes a variable available everywhere within the scope of the current suite.</doc>
<msg timestamp="20231207 11:56:57.385" level="INFO">${number_kw} = 1858</msg>
<status status="PASS" starttime="20231207 11:56:57.381" endtime="20231207 11:56:57.385"/>
</kw>
<status status="PASS" starttime="20231207 11:56:57.375" endtime="20231207 11:56:57.385"/>
</kw>
<kw name="Click Element" library="SeleniumLibrary">
<arg>${txt_engine_performance}</arg>
<doc>Click the element identified by ``locator``.</doc>
<msg timestamp="20231207 11:56:57.386" level="INFO">Clicking element 'id:engineperformance'.</msg>
<status status="PASS" starttime="20231207 11:56:57.385" endtime="20231207 11:56:57.520"/>
</kw>
<kw name="Input Text" library="SeleniumLibrary">
<arg>${txt_engine_performance}</arg>
<arg>${number_kw}</arg>
<doc>Types the given ``text`` into the text field identified by ``locator``.</doc>
<msg timestamp="20231207 11:56:57.522" level="INFO">Typing text '1858' into text field 'id:engineperformance'.</msg>
<status status="PASS" starttime="20231207 11:56:57.521" endtime="20231207 11:56:57.679"/>
</kw>
<kw name="Click Element" library="SeleniumLibrary">
<arg>${txt_data_of_manufacture}</arg>
<doc>Click the element identified by ``locator``.</doc>
<msg timestamp="20231207 11:56:57.681" level="INFO">Clicking element 'id:dateofmanufacture'.</msg>
<status status="PASS" starttime="20231207 11:56:57.680" endtime="20231207 11:56:57.798"/>
</kw>
<kw name="Input Text" library="SeleniumLibrary">
<arg>${txt_data_of_manufacture}</arg>
<arg>${date_manufacture}</arg>
<doc>Types the given ``text`` into the text field identified by ``locator``.</doc>
<msg timestamp="20231207 11:56:57.798" level="INFO">Typing text '12/07/2023' into text field 'id:dateofmanufacture'.</msg>
<status status="PASS" starttime="20231207 11:56:57.798" endtime="20231207 11:56:58.045"/>
</kw>
<kw name="Click Element" library="SeleniumLibrary">
<arg>${slc_number_seats}</arg>
<doc>Click the element identified by ``locator``.</doc>
<msg timestamp="20231207 11:56:58.045" level="INFO">Clicking element 'id:numberofseats'.</msg>
<status status="PASS" starttime="20231207 11:56:58.045" endtime="20231207 11:56:58.169"/>
</kw>
<kw name="Click Element" library="SeleniumLibrary">
<arg>xpath://*[@id="numberofseats"]/option[5]</arg>
<doc>Click the element identified by ``locator``.</doc>
<msg timestamp="20231207 11:56:58.169" level="INFO">Clicking element 'xpath://*[@id="numberofseats"]/option[5]'.</msg>
<status status="PASS" starttime="20231207 11:56:58.169" endtime="20231207 11:56:58.248"/>
</kw>
<kw name="Escolher Fuel" library="kws_insurance">
<kw name="Create List" library="BuiltIn">
<var>${fuel}</var>
<arg>Petrol</arg>
<arg>Diesel</arg>
<arg>Electric Power</arg>
<arg>Gas</arg>
<arg>Other</arg>
<doc>Returns a list containing given items.</doc>
<msg timestamp="20231207 11:56:58.248" level="INFO">${fuel} = ['Petrol', 'Diesel', 'Electric Power', 'Gas', 'Other']</msg>
<status status="PASS" starttime="20231207 11:56:58.248" endtime="20231207 11:56:58.248"/>
</kw>
<for flavor="IN">
<var>${type}</var>
<value>@{fuel}</value>
<iter>
<var name="${type}">Petrol</var>
<kw name="Evaluate" library="BuiltIn">
<var>${size}</var>
<arg>len(${fuel}) - 1</arg>
<doc>Evaluates the given expression in Python and returns the result.</doc>
<msg timestamp="20231207 11:56:58.248" level="INFO">${size} = 4</msg>
<status status="PASS" starttime="20231207 11:56:58.248" endtime="20231207 11:56:58.248"/>
</kw>
<kw name="Random Int" library="FakerLibrary">
<var>${rand}</var>
<arg>min=0</arg>
<arg>max=${size}</arg>
<doc>Generate a random integer between two integers ``min`` and ``max`` inclusive
while observing the provided ``step`` value.</doc>
<msg timestamp="20231207 11:56:58.248" level="INFO">${rand} = 4</msg>
<status status="PASS" starttime="20231207 11:56:58.248" endtime="20231207 11:56:58.248"/>
</kw>
<kw name="Set Suite Variable" library="BuiltIn">
<arg>${fuel_escolhido}</arg>
<arg>${fuel[${rand}]}</arg>
<doc>Makes a variable available everywhere within the scope of the current suite.</doc>
<msg timestamp="20231207 11:56:58.262" level="INFO">${fuel_escolhido} = Other</msg>
<status status="PASS" starttime="20231207 11:56:58.248" endtime="20231207 11:56:58.263"/>
</kw>
<kw name="Log" library="BuiltIn">
<arg>O Fuel escolhido é ${fuel_escolhido}</arg>
<doc>Logs the given message with the given level.</doc>
<msg timestamp="20231207 11:56:58.265" level="INFO">O Fuel escolhido é Other</msg>
<status status="PASS" starttime="20231207 11:56:58.264" endtime="20231207 11:56:58.265"/>
</kw>
<status status="PASS" starttime="20231207 11:56:58.248" endtime="20231207 11:56:58.266"/>
</iter>
<iter>
<var name="${type}">Diesel</var>
<kw name="Evaluate" library="BuiltIn">
<var>${size}</var>
<arg>len(${fuel}) - 1</arg>
<doc>Evaluates the given expression in Python and returns the result.</doc>
<msg timestamp="20231207 11:56:58.267" level="INFO">${size} = 4</msg>
<status status="PASS" starttime="20231207 11:56:58.266" endtime="20231207 11:56:58.267"/>
</kw>
<kw name="Random Int" library="FakerLibrary">
<var>${rand}</var>
<arg>min=0</arg>
<arg>max=${size}</arg>
<doc>Generate a random integer between two integers ``min`` and ``max`` inclusive
while observing the provided ``step`` value.</doc>
<msg timestamp="20231207 11:56:58.268" level="INFO">${rand} = 1</msg>
<status status="PASS" starttime="20231207 11:56:58.268" endtime="20231207 11:56:58.268"/>
</kw>
<kw name="Set Suite Variable" library="BuiltIn">
<arg>${fuel_escolhido}</arg>
<arg>${fuel[${rand}]}</arg>
<doc>Makes a variable available everywhere within the scope of the current suite.</doc>
<msg timestamp="20231207 11:56:58.270" level="INFO">${fuel_escolhido} = Diesel</msg>
<status status="PASS" starttime="20231207 11:56:58.269" endtime="20231207 11:56:58.270"/>
</kw>
<kw name="Log" library="BuiltIn">
<arg>O Fuel escolhido é ${fuel_escolhido}</arg>
<doc>Logs the given message with the given level.</doc>
<msg timestamp="20231207 11:56:58.271" level="INFO">O Fuel escolhido é Diesel</msg>
<status status="PASS" starttime="20231207 11:56:58.270" endtime="20231207 11:56:58.271"/>
</kw>
<status status="PASS" starttime="20231207 11:56:58.266" endtime="20231207 11:56:58.271"/>
</iter>
<iter>
<var name="${type}">Electric Power</var>
<kw name="Evaluate" library="BuiltIn">
<var>${size}</var>
<arg>len(${fuel}) - 1</arg>
<doc>Evaluates the given expression in Python and returns the result.</doc>
<msg timestamp="20231207 11:56:58.272" level="INFO">${size} = 4</msg>
<status status="PASS" starttime="20231207 11:56:58.271" endtime="20231207 11:56:58.272"/>
</kw>
<kw name="Random Int" library="FakerLibrary">
<var>${rand}</var>
<arg>min=0</arg>
<arg>max=${size}</arg>
<doc>Generate a random integer between two integers ``min`` and ``max`` inclusive
while observing the provided ``step`` value.</doc>
<msg timestamp="20231207 11:56:58.272" level="INFO">${rand} = 3</msg>
<status status="PASS" starttime="20231207 11:56:58.272" endtime="20231207 11:56:58.272"/>
</kw>
<kw name="Set Suite Variable" library="BuiltIn">
<arg>${fuel_escolhido}</arg>
<arg>${fuel[${rand}]}</arg>
<doc>Makes a variable available everywhere within the scope of the current suite.</doc>
<msg timestamp="20231207 11:56:58.274" level="INFO">${fuel_escolhido} = Gas</msg>
<status status="PASS" starttime="20231207 11:56:58.273" endtime="20231207 11:56:58.274"/>
</kw>
<kw name="Log" library="BuiltIn">
<arg>O Fuel escolhido é ${fuel_escolhido}</arg>
<doc>Logs the given message with the given level.</doc>
<msg timestamp="20231207 11:56:58.275" level="INFO">O Fuel escolhido é Gas</msg>
<status status="PASS" starttime="20231207 11:56:58.274" endtime="20231207 11:56:58.275"/>
</kw>
<status status="PASS" starttime="20231207 11:56:58.271" endtime="20231207 11:56:58.275"/>
</iter>
<iter>
<var name="${type}">Gas</var>
<kw name="Evaluate" library="BuiltIn">
<var>${size}</var>
<arg>len(${fuel}) - 1</arg>
<doc>Evaluates the given expression in Python and returns the result.</doc>
<msg timestamp="20231207 11:56:58.276" level="INFO">${size} = 4</msg>
<status status="PASS" starttime="20231207 11:56:58.275" endtime="20231207 11:56:58.276"/>
</kw>
<kw name="Random Int" library="FakerLibrary">
<var>${rand}</var>
<arg>min=0</arg>
<arg>max=${size}</arg>
<doc>Generate a random integer between two integers ``min`` and ``max`` inclusive
while observing the provided ``step`` value.</doc>
<msg timestamp="20231207 11:56:58.276" level="INFO">${rand} = 3</msg>
<status status="PASS" starttime="20231207 11:56:58.276" endtime="20231207 11:56:58.276"/>
</kw>
<kw name="Set Suite Variable" library="BuiltIn">
<arg>${fuel_escolhido}</arg>
<arg>${fuel[${rand}]}</arg>
<doc>Makes a variable available everywhere within the scope of the current suite.</doc>
<msg timestamp="20231207 11:56:58.279" level="INFO">${fuel_escolhido} = Gas</msg>
<status status="PASS" starttime="20231207 11:56:58.277" endtime="20231207 11:56:58.279"/>
</kw>
<kw name="Log" library="BuiltIn">
<arg>O Fuel escolhido é ${fuel_escolhido}</arg>
<doc>Logs the given message with the given level.</doc>
<msg timestamp="20231207 11:56:58.280" level="INFO">O Fuel escolhido é Gas</msg>
<status status="PASS" starttime="20231207 11:56:58.280" endtime="20231207 11:56:58.280"/>
</kw>
<status status="PASS" starttime="20231207 11:56:58.275" endtime="20231207 11:56:58.280"/>
</iter>
<iter>
<var name="${type}">Other</var>
<kw name="Evaluate" library="BuiltIn">
<var>${size}</var>
<arg>len(${fuel}) - 1</arg>
<doc>Evaluates the given expression in Python and returns the result.</doc>
<msg timestamp="20231207 11:56:58.282" level="INFO">${size} = 4</msg>
<status status="PASS" starttime="20231207 11:56:58.281" endtime="20231207 11:56:58.282"/>
</kw>
<kw name="Random Int" library="FakerLibrary">
<var>${rand}</var>
<arg>min=0</arg>
<arg>max=${size}</arg>
<doc>Generate a random integer between two integers ``min`` and ``max`` inclusive
while observing the provided ``step`` value.</doc>
<msg timestamp="20231207 11:56:58.282" level="INFO">${rand} = 2</msg>
<status status="PASS" starttime="20231207 11:56:58.282" endtime="20231207 11:56:58.282"/>
</kw>
<kw name="Set Suite Variable" library="BuiltIn">
<arg>${fuel_escolhido}</arg>
<arg>${fuel[${rand}]}</arg>
<doc>Makes a variable available everywhere within the scope of the current suite.</doc>
<msg timestamp="20231207 11:56:58.285" level="INFO">${fuel_escolhido} = Electric Power</msg>
<status status="PASS" starttime="20231207 11:56:58.283" endtime="20231207 11:56:58.285"/>
</kw>
<kw name="Log" library="BuiltIn">
<arg>O Fuel escolhido é ${fuel_escolhido}</arg>
<doc>Logs the given message with the given level.</doc>
<msg timestamp="20231207 11:56:58.285" level="INFO">O Fuel escolhido é Electric Power</msg>
<status status="PASS" starttime="20231207 11:56:58.285" endtime="20231207 11:56:58.285"/>
</kw>
<status status="PASS" starttime="20231207 11:56:58.280" endtime="20231207 11:56:58.285"/>
</iter>
<status status="PASS" starttime="20231207 11:56:58.248" endtime="20231207 11:56:58.285"/>
</for>
<status status="PASS" starttime="20231207 11:56:58.248" endtime="20231207 11:56:58.285"/>
</kw>
<kw name="Click Element" library="SeleniumLibrary">
<arg>${slc_fuel}</arg>
<doc>Click the element identified by ``locator``.</doc>
<msg timestamp="20231207 11:56:58.286" level="INFO">Clicking element 'id:fuel'.</msg>
<status status="PASS" starttime="20231207 11:56:58.286" endtime="20231207 11:56:58.401"/>
</kw>
<kw name="Wait Until Element Is Visible" library="SeleniumLibrary">
<arg>xpath=//*[contains(text(),'${fuel_escolhido}')]</arg>
<doc>Waits until the element ``locator`` is visible.</doc>
<status status="PASS" starttime="20231207 11:56:58.401" endtime="20231207 11:56:58.440"/>
</kw>
<kw name="Click Element" library="SeleniumLibrary">
<arg>xpath=//*[contains(text(),'${fuel_escolhido}')]</arg>
<doc>Click the element identified by ``locator``.</doc>
<msg timestamp="20231207 11:56:58.441" level="INFO">Clicking element 'xpath=//*[contains(text(),'Electric Power')]'.</msg>
<status status="PASS" starttime="20231207 11:56:58.440" endtime="20231207 11:56:58.487"/>
</kw>
<kw name="Gerar Price" library="kws_insurance">
<kw name="Evaluate" library="BuiltIn">
<var>${random_number}</var>
<arg>str(random.randint(500, 100000))</arg>
<doc>Evaluates the given expression in Python and returns the result.</doc>
<msg timestamp="20231207 11:56:58.487" level="INFO">${random_number} = 36492</msg>
<status status="PASS" starttime="20231207 11:56:58.487" endtime="20231207 11:56:58.487"/>
</kw>
<kw name="Set Suite Variable" library="BuiltIn">
<arg>${number_price}</arg>
<arg>${random_number}</arg>
<doc>Makes a variable available everywhere within the scope of the current suite.</doc>
<msg timestamp="20231207 11:56:58.487" level="INFO">${number_price} = 36492</msg>
<status status="PASS" starttime="20231207 11:56:58.487" endtime="20231207 11:56:58.487"/>
</kw>
<status status="PASS" starttime="20231207 11:56:58.487" endtime="20231207 11:56:58.487"/>
</kw>
<kw name="Click Element" library="SeleniumLibrary">
<arg>${txt_list_price}</arg>
<doc>Click the element identified by ``locator``.</doc>
<msg timestamp="20231207 11:56:58.495" level="INFO">Clicking element 'id:listprice'.</msg>
<status status="PASS" starttime="20231207 11:56:58.487" endtime="20231207 11:56:58.599"/>
</kw>
<kw name="Input Text" library="SeleniumLibrary">
<arg>${txt_list_price}</arg>
<arg>${number_price}</arg>
<doc>Types the given ``text`` into the text field identified by ``locator``.</doc>
<msg timestamp="20231207 11:56:58.601" level="INFO">Typing text '36492' into text field 'id:listprice'.</msg>
<status status="PASS" starttime="20231207 11:56:58.600" endtime="20231207 11:56:58.732"/>
</kw>
<kw name="Gerar Plate Number" library="kws_insurance">
<kw name="Generate Random String" library="String">
<var>${random_number1}</var>
<arg>1</arg>
<arg>[NUMBERS]</arg>
<doc>Generates a string with a desired ``length`` from the given ``chars``.</doc>
<msg timestamp="20231207 11:56:58.732" level="INFO">${random_number1} = 4</msg>
<status status="PASS" starttime="20231207 11:56:58.732" endtime="20231207 11:56:58.732"/>
</kw>
<kw name="Set Suite Variable" library="BuiltIn">
<arg>${1number}</arg>
<arg>${random_number1}</arg>
<doc>Makes a variable available everywhere within the scope of the current suite.</doc>
<msg timestamp="20231207 11:56:58.732" level="INFO">${1number} = 4</msg>
<status status="PASS" starttime="20231207 11:56:58.732" endtime="20231207 11:56:58.732"/>
</kw>
<kw name="Generate Random String" library="String">
<var>${random_number2}</var>
<arg>2</arg>
<arg>[NUMBERS]</arg>
<doc>Generates a string with a desired ``length`` from the given ``chars``.</doc>
<msg timestamp="20231207 11:56:58.745" level="INFO">${random_number2} = 98</msg>
<status status="PASS" starttime="20231207 11:56:58.732" endtime="20231207 11:56:58.745"/>
</kw>
<kw name="Set Suite Variable" library="BuiltIn">
<arg>${2numbers}</arg>
<arg>${random_number2}</arg>
<doc>Makes a variable available everywhere within the scope of the current suite.</doc>
<msg timestamp="20231207 11:56:58.747" level="INFO">${2numbers} = 98</msg>
<status status="PASS" starttime="20231207 11:56:58.746" endtime="20231207 11:56:58.747"/>
</kw>
<kw name="Generate Random String" library="String">
<var>${random_3letras}</var>
<arg>3</arg>
<arg>[LETTERS]</arg>
<doc>Generates a string with a desired ``length`` from the given ``chars``.</doc>
<msg timestamp="20231207 11:56:58.747" level="INFO">${random_3letras} = snk</msg>
<status status="PASS" starttime="20231207 11:56:58.747" endtime="20231207 11:56:58.747"/>
</kw>
<kw name="Convert To Upper Case" library="String">
<var>${3letras}</var>
<arg>${random_3letras}</arg>
<doc>Converts string to upper case.</doc>
<msg timestamp="20231207 11:56:58.747" level="INFO">${3letras} = SNK</msg>
<status status="PASS" starttime="20231207 11:56:58.747" endtime="20231207 11:56:58.747"/>
</kw>
<kw name="Set Suite Variable" library="BuiltIn">
<arg>${3letras}</arg>
<doc>Makes a variable available everywhere within the scope of the current suite.</doc>
<msg timestamp="20231207 11:56:58.747" level="INFO">${3letras} = SNK</msg>
<status status="PASS" starttime="20231207 11:56:58.747" endtime="20231207 11:56:58.747"/>
</kw>
<kw name="Generate Random String" library="String">
<var>${random_1letra}</var>
<arg>1</arg>
<arg>[LETTERS]</arg>
<doc>Generates a string with a desired ``length`` from the given ``chars``.</doc>
<msg timestamp="20231207 11:56:58.747" level="INFO">${random_1letra} = U</msg>
<status status="PASS" starttime="20231207 11:56:58.747" endtime="20231207 11:56:58.747"/>
</kw>
<kw name="Convert To Upper Case" library="String">
<var>${1letra}</var>
<arg>${random_1letra}</arg>
<doc>Converts string to upper case.</doc>
<msg timestamp="20231207 11:56:58.747" level="INFO">${1letra} = U</msg>
<status status="PASS" starttime="20231207 11:56:58.747" endtime="20231207 11:56:58.747"/>
</kw>
<kw name="Set Suite Variable" library="BuiltIn">
<arg>${1letra}</arg>
<doc>Makes a variable available everywhere within the scope of the current suite.</doc>
<msg timestamp="20231207 11:56:58.747" level="INFO">${1letra} = U</msg>
<status status="PASS" starttime="20231207 11:56:58.747" endtime="20231207 11:56:58.747"/>
</kw>
<kw name="Set Variable" library="BuiltIn">
<var>${plate_number}</var>
<arg>${3letras}${1number}${1letra}${2numbers}</arg>
<doc>Returns the given values which can then be assigned to a variables.</doc>
<msg timestamp="20231207 11:56:58.747" level="INFO">${plate_number} = SNK4U98</msg>
<status status="PASS" starttime="20231207 11:56:58.747" endtime="20231207 11:56:58.747"/>
</kw>
<kw name="Set Suite Variable" library="BuiltIn">
<arg>${plate_number}</arg>
<doc>Makes a variable available everywhere within the scope of the current suite.</doc>
<msg timestamp="20231207 11:56:58.747" level="INFO">${plate_number} = SNK4U98</msg>
<status status="PASS" starttime="20231207 11:56:58.747" endtime="20231207 11:56:58.747"/>
</kw>
<status status="PASS" starttime="20231207 11:56:58.732" endtime="20231207 11:56:58.747"/>
</kw>
<kw name="Click Element" library="SeleniumLibrary">
<arg>${txt_license_plate_number}</arg>
<doc>Click the element identified by ``locator``.</doc>
<msg timestamp="20231207 11:56:58.747" level="INFO">Clicking element 'id:licenseplatenumber'.</msg>
<status status="PASS" starttime="20231207 11:56:58.747" endtime="20231207 11:56:58.866"/>
</kw>
<kw name="Input Text" library="SeleniumLibrary">
<arg>${txt_license_plate_number}</arg>
<arg>${plate_number}</arg>
<doc>Types the given ``text`` into the text field identified by ``locator``.</doc>
<msg timestamp="20231207 11:56:58.866" level="INFO">Typing text 'SNK4U98' into text field 'id:licenseplatenumber'.</msg>
<status status="PASS" starttime="20231207 11:56:58.866" endtime="20231207 11:56:59.037"/>
</kw>
<kw name="Gerar Mileage" library="kws_insurance">
<kw name="Evaluate" library="BuiltIn">
<var>${random_number}</var>
<arg>str(random.randint(100, 100000))</arg>
<doc>Evaluates the given expression in Python and returns the result.</doc>
<msg timestamp="20231207 11:56:59.038" level="INFO">${random_number} = 75216</msg>
<status status="PASS" starttime="20231207 11:56:59.038" endtime="20231207 11:56:59.038"/>
</kw>
<kw name="Set Suite Variable" library="BuiltIn">
<arg>${number_miliage}</arg>
<arg>${random_number}</arg>
<doc>Makes a variable available everywhere within the scope of the current suite.</doc>
<msg timestamp="20231207 11:56:59.038" level="INFO">${number_miliage} = 75216</msg>
<status status="PASS" starttime="20231207 11:56:59.038" endtime="20231207 11:56:59.038"/>
</kw>
<status status="PASS" starttime="20231207 11:56:59.038" endtime="20231207 11:56:59.038"/>
</kw>
<kw name="Click Element" library="SeleniumLibrary">
<arg>${txt_annual_mileage}</arg>
<doc>Click the element identified by ``locator``.</doc>
<msg timestamp="20231207 11:56:59.038" level="INFO">Clicking element 'id:annualmileage'.</msg>
<status status="PASS" starttime="20231207 11:56:59.038" endtime="20231207 11:56:59.131"/>
</kw>
<kw name="Input Text" library="SeleniumLibrary">
<arg>${txt_annual_mileage}</arg>
<arg>${number_miliage}</arg>
<doc>Types the given ``text`` into the text field identified by ``locator``.</doc>
<msg timestamp="20231207 11:56:59.131" level="INFO">Typing text '75216' into text field 'id:annualmileage'.</msg>
<status status="PASS" starttime="20231207 11:56:59.131" endtime="20231207 11:56:59.305"/>
</kw>
<kw name="Capture Page Screenshot" library="SeleniumLibrary">
<doc>Takes a screenshot of the current page and embeds it into a log file.</doc>
<msg timestamp="20231207 11:56:59.491" level="INFO" html="true">&lt;/td&gt;&lt;/tr&gt;&lt;tr&gt;&lt;td colspan="3"&gt;&lt;a href="selenium-screenshot-2.png"&gt;&lt;img src="selenium-screenshot-2.png" width="800px"&gt;&lt;/a&gt;</msg>
<status status="PASS" starttime="20231207 11:56:59.305" endtime="20231207 11:56:59.491"/>
</kw>
<kw name="Click Element" library="SeleniumLibrary">
<arg>${btn_next_insurance_data}</arg>
<doc>Click the element identified by ``locator``.</doc>
<msg timestamp="20231207 11:56:59.492" level="INFO">Clicking element 'id:nextenterinsurantdata'.</msg>
<status status="PASS" starttime="20231207 11:56:59.491" endtime="20231207 11:56:59.630"/>
</kw>
<status status="PASS" starttime="20231207 11:56:56.970" endtime="20231207 11:56:59.631"/>
</kw>
<kw name="E insiro os dados da aba &quot;Enter Insurante Data&quot;" library="kws_insurance">
<kw name="Log To Console" library="BuiltIn">
<arg>==============================================================================</arg>
<doc>Logs the given message to the console.</doc>
<status status="PASS" starttime="20231207 11:56:59.635" endtime="20231207 11:56:59.637"/>
</kw>
<kw name="Log To Console" library="BuiltIn">
<arg>Inserindo os dados da aba "Enter Insurante Data"</arg>
<doc>Logs the given message to the console.</doc>
<status status="PASS" starttime="20231207 11:56:59.637" endtime="20231207 11:56:59.639"/>
</kw>
<kw name="Log To Console" library="BuiltIn">
<arg>==============================================================================\n</arg>
<doc>Logs the given message to the console.</doc>
<status status="PASS" starttime="20231207 11:56:59.640" endtime="20231207 11:56:59.642"/>
</kw>
<kw name="First Name" library="FakerLibrary">
<var>${firstname}</var>
<msg timestamp="20231207 11:56:59.644" level="INFO">${firstname} = Pamela</msg>
<status status="PASS" starttime="20231207 11:56:59.643" endtime="20231207 11:56:59.644"/>
</kw>
<kw name="Convert To Upper Case" library="String">
<var>${firstname}</var>
<arg>${first_name}</arg>
<doc>Converts string to upper case.</doc>
<msg timestamp="20231207 11:56:59.646" level="INFO">${firstname} = PAMELA</msg>
<status status="PASS" starttime="20231207 11:56:59.645" endtime="20231207 11:56:59.646"/>
</kw>
<kw name="Set Suite Variable" library="BuiltIn">
<arg>${firstname}</arg>
<doc>Makes a variable available everywhere within the scope of the current suite.</doc>
<msg timestamp="20231207 11:56:59.648" level="INFO">${firstname} = PAMELA</msg>
<status status="PASS" starttime="20231207 11:56:59.647" endtime="20231207 11:56:59.648"/>
</kw>
<kw name="Set Suite Variable" library="BuiltIn">
<arg>${first_name}</arg>
<arg>${firstname}</arg>
<doc>Makes a variable available everywhere within the scope of the current suite.</doc>
<msg timestamp="20231207 11:56:59.650" level="INFO">${first_name} = PAMELA</msg>
<status status="PASS" starttime="20231207 11:56:59.649" endtime="20231207 11:56:59.650"/>
</kw>
<kw name="Remove String" library="String">
<var>${first_name}</var>
<arg>${first_name}</arg>
<arg>${SPACE * 1}</arg>
<doc>Removes all ``removables`` from the given ``string``.</doc>
<msg timestamp="20231207 11:56:59.654" level="INFO">${first_name} = PAMELA</msg>
<status status="PASS" starttime="20231207 11:56:59.650" endtime="20231207 11:56:59.655"/>
</kw>
<kw name="Set Suite Variable" library="BuiltIn">
<arg>${first_name}</arg>
<doc>Makes a variable available everywhere within the scope of the current suite.</doc>
<msg timestamp="20231207 11:56:59.656" level="INFO">${first_name} = PAMELA</msg>
<status status="PASS" starttime="20231207 11:56:59.655" endtime="20231207 11:56:59.656"/>
</kw>
<kw name="Last Name" library="FakerLibrary">
<var>${lastname}</var>
<msg timestamp="20231207 11:56:59.658" level="INFO">${lastname} = Allison</msg>
<status status="PASS" starttime="20231207 11:56:59.657" endtime="20231207 11:56:59.658"/>
</kw>
<kw name="Convert To Upper Case" library="String">
<var>${lastname}</var>
<arg>${lastname}</arg>
<doc>Converts string to upper case.</doc>
<msg timestamp="20231207 11:56:59.659" level="INFO">${lastname} = ALLISON</msg>
<status status="PASS" starttime="20231207 11:56:59.658" endtime="20231207 11:56:59.660"/>
</kw>
<kw name="Set Suite Variable" library="BuiltIn">
<arg>${lastname}</arg>
<doc>Makes a variable available everywhere within the scope of the current suite.</doc>
<msg timestamp="20231207 11:56:59.662" level="INFO">${lastname} = ALLISON</msg>
<status status="PASS" starttime="20231207 11:56:59.660" endtime="20231207 11:56:59.663"/>
</kw>
<kw name="Remove String" library="String">
<var>${lastname}</var>
<arg>${lastname}</arg>
<arg>${SPACE * 1}</arg>
<doc>Removes all ``removables`` from the given ``string``.</doc>
<msg timestamp="20231207 11:56:59.672" level="INFO">${lastname} = ALLISON</msg>
<status status="PASS" starttime="20231207 11:56:59.664" endtime="20231207 11:56:59.672"/>
</kw>
<kw name="Date Of Birth" library="FakerLibrary">
<var>${date_of_birth}</var>
<doc>Generate a random date of birth represented as a Date object,
constrained by optional miminimum_age and maximum_age
parameters.</doc>
<msg timestamp="20231207 11:56:59.673" level="INFO">${date_of_birth} = 1909-10-22</msg>
<status status="PASS" starttime="20231207 11:56:59.672" endtime="20231207 11:56:59.673"/>
</kw>
<kw name="Set Suite Variable" library="BuiltIn">
<arg>${date_birth}</arg>
<arg>${date_of_birth}</arg>
<doc>Makes a variable available everywhere within the scope of the current suite.</doc>
<msg timestamp="20231207 11:56:59.684" level="INFO">${date_birth} = 1909-10-22</msg>
<status status="PASS" starttime="20231207 11:56:59.673" endtime="20231207 11:56:59.684"/>
</kw>
<kw name="Address" library="FakerLibrary">
<var>${street_adrress}</var>
<doc>:example '791 Crist Parks, Sashabury, IL 86039-9874'</doc>
<msg timestamp="20231207 11:56:59.691" level="INFO">${street_adrress} = 3269 Miller Underpass
Blairshire, MN 94581</msg>
<status status="PASS" starttime="20231207 11:56:59.685" endtime="20231207 11:56:59.691"/>
</kw>
<kw name="Convert To Upper Case" library="String">
<var>${street_adrress}</var>
<arg>${street_adrress}</arg>
<doc>Converts string to upper case.</doc>
<msg timestamp="20231207 11:56:59.692" level="INFO">${street_adrress} = 3269 MILLER UNDERPASS
BLAIRSHIRE, MN 94581</msg>
<status status="PASS" starttime="20231207 11:56:59.691" endtime="20231207 11:56:59.692"/>
</kw>
<kw name="Set Suite Variable" library="BuiltIn">
<arg>${street_adrress}</arg>
<doc>Makes a variable available everywhere within the scope of the current suite.</doc>
<msg timestamp="20231207 11:56:59.693" level="INFO">${street_adrress} = 3269 MILLER UNDERPASS
BLAIRSHIRE, MN 94581</msg>
<status status="PASS" starttime="20231207 11:56:59.692" endtime="20231207 11:56:59.693"/>
</kw>
<kw name="Postcode" library="FakerLibrary">
<var>${zipcode}</var>
<doc>:example 86039-9874</doc>
<msg timestamp="20231207 11:56:59.696" level="INFO">${zipcode} = 79371</msg>
<status status="PASS" starttime="20231207 11:56:59.695" endtime="20231207 11:56:59.696"/>
</kw>
<kw name="Set Suite Variable" library="BuiltIn">
<arg>${zipcode}</arg>
<doc>Makes a variable available everywhere within the scope of the current suite.</doc>
<msg timestamp="20231207 11:56:59.700" level="INFO">${zipcode} = 79371</msg>
<status status="PASS" starttime="20231207 11:56:59.698" endtime="20231207 11:56:59.700"/>
</kw>
<kw name="City" library="FakerLibrary">
<var>${city}</var>
<doc>:example 'Sashabury'</doc>
<msg timestamp="20231207 11:56:59.701" level="INFO">${city} = Alvarezburgh</msg>
<status status="PASS" starttime="20231207 11:56:59.700" endtime="20231207 11:56:59.701"/>
</kw>
<kw name="Convert To Upper Case" library="String">
<var>${city}</var>
<arg>${city}</arg>
<doc>Converts string to upper case.</doc>
<msg timestamp="20231207 11:56:59.704" level="INFO">${city} = ALVAREZBURGH</msg>
<status status="PASS" starttime="20231207 11:56:59.702" endtime="20231207 11:56:59.704"/>
</kw>
<kw name="Set Suite Variable" library="BuiltIn">
<arg>${city}</arg>
<doc>Makes a variable available everywhere within the scope of the current suite.</doc>
<msg timestamp="20231207 11:56:59.706" level="INFO">${city} = ALVAREZBURGH</msg>
<status status="PASS" starttime="20231207 11:56:59.705" endtime="20231207 11:56:59.706"/>
</kw>
<kw name="Url" library="FakerLibrary">
<var>${website}</var>
<doc>:param schemes: a list of strings to use as schemes, one will chosen randomly.
If None, it will generate http and https urls.
Passing an empty list will result in schemeless url generation like "://domain.com".</doc>
<msg timestamp="20231207 11:56:59.708" level="INFO">${website} = http://www.harris-murray.com/</msg>
<status status="PASS" starttime="20231207 11:56:59.707" endtime="20231207 11:56:59.708"/>
</kw>
<kw name="Set Suite Variable" library="BuiltIn">
<arg>${website}</arg>
<doc>Makes a variable available everywhere within the scope of the current suite.</doc>
<msg timestamp="20231207 11:56:59.710" level="INFO">${website} = http://www.harris-murray.com/</msg>
<status status="PASS" starttime="20231207 11:56:59.709" endtime="20231207 11:56:59.710"/>
</kw>
<kw name="Wait Until Page Contains" library="SeleniumLibrary">
<arg>First Name</arg>
<doc>Waits until ``text`` appears on the current page.</doc>
<status status="PASS" starttime="20231207 11:56:59.710" endtime="20231207 11:56:59.744"/>
</kw>
<kw name="Click Element" library="SeleniumLibrary">
<arg>${txt_first_name}</arg>
<doc>Click the element identified by ``locator``.</doc>
<msg timestamp="20231207 11:56:59.745" level="INFO">Clicking element 'id:firstname'.</msg>
<status status="PASS" starttime="20231207 11:56:59.744" endtime="20231207 11:56:59.881"/>
</kw>
<kw name="Input Text" library="SeleniumLibrary">
<arg>${txt_first_name}</arg>
<arg>${first_name}</arg>
<doc>Types the given ``text`` into the text field identified by ``locator``.</doc>
<msg timestamp="20231207 11:56:59.882" level="INFO">Typing text 'PAMELA' into text field 'id:firstname'.</msg>
<status status="PASS" starttime="20231207 11:56:59.881" endtime="20231207 11:57:00.053"/>
</kw>
<kw name="Click Element" library="SeleniumLibrary">
<arg>${txt_last_name}</arg>
<doc>Click the element identified by ``locator``.</doc>
<msg timestamp="20231207 11:57:00.058" level="INFO">Clicking element 'id:lastname'.</msg>
<status status="PASS" starttime="20231207 11:57:00.055" endtime="20231207 11:57:00.196"/>
</kw>
<kw name="Input Text" library="SeleniumLibrary">
<arg>${txt_last_name}</arg>
<arg>${lastname}</arg>
<doc>Types the given ``text`` into the text field identified by ``locator``.</doc>
<msg timestamp="20231207 11:57:00.197" level="INFO">Typing text 'ALLISON' into text field 'id:lastname'.</msg>
<status status="PASS" starttime="20231207 11:57:00.196" endtime="20231207 11:57:00.386"/>
</kw>
<kw name="Capture Page Screenshot" library="SeleniumLibrary">
<arg>${EXECDIR}${/}resources\\Evidencias\\${first_name}.png</arg>
<doc>Takes a screenshot of the current page and embeds it into a log file.</doc>
<msg timestamp="20231207 11:57:00.603" level="INFO" html="true">&lt;/td&gt;&lt;/tr&gt;&lt;tr&gt;&lt;td colspan="3"&gt;&lt;a href="../resources/Evidencias/PAMELA.png"&gt;&lt;img src="../resources/Evidencias/PAMELA.png" width="800px"&gt;&lt;/a&gt;</msg>
<status status="PASS" starttime="20231207 11:57:00.386" endtime="20231207 11:57:00.603"/>
</kw>
<kw name="Click Element" library="SeleniumLibrary">
<arg>${txt_birth_date}</arg>
<doc>Click the element identified by ``locator``.</doc>
<msg timestamp="20231207 11:57:00.604" level="INFO">Clicking element 'id:birthdate'.</msg>
<status status="PASS" starttime="20231207 11:57:00.603" endtime="20231207 11:57:00.698"/>
</kw>
<kw name="Input Text" library="SeleniumLibrary">
<arg>${txt_birth_date}</arg>
<arg>10/21/1974</arg>
<doc>Types the given ``text`` into the text field identified by ``locator``.</doc>
<msg timestamp="20231207 11:57:00.702" level="INFO">Typing text '10/21/1974' into text field 'id:birthdate'.</msg>
<status status="PASS" starttime="20231207 11:57:00.698" endtime="20231207 11:57:00.904"/>
</kw>
<kw name="Click Element" library="SeleniumLibrary">
<arg>${chk_gender_male}</arg>
<doc>Click the element identified by ``locator``.</doc>
<msg timestamp="20231207 11:57:00.904" level="INFO">Clicking element 'xpath://*[@id="insurance-form"]/div/section[2]/div[4]/p/label[1]/span'.</msg>
<status status="PASS" starttime="20231207 11:57:00.904" endtime="20231207 11:57:01.036"/>
</kw>
<kw name="Click Element" library="SeleniumLibrary">
<arg>${txt_street_address}</arg>
<doc>Click the element identified by ``locator``.</doc>
<msg timestamp="20231207 11:57:01.036" level="INFO">Clicking element 'id:streetaddress'.</msg>
<status status="PASS" starttime="20231207 11:57:01.036" endtime="20231207 11:57:01.158"/>
</kw>
<kw name="Input Text" library="SeleniumLibrary">
<arg>${txt_street_address}</arg>
<arg>${street_adrress}</arg>
<doc>Types the given ``text`` into the text field identified by ``locator``.</doc>
<msg timestamp="20231207 11:57:01.159" level="INFO">Typing text '3269 MILLER UNDERPASS
BLAIRSHIRE, MN 94581' into text field 'id:streetaddress'.</msg>
<status status="PASS" starttime="20231207 11:57:01.158" endtime="20231207 11:57:01.715"/>
</kw>
<kw name="Click Element" library="SeleniumLibrary">
<arg>${slc_country}</arg>
<doc>Click the element identified by ``locator``.</doc>
<msg timestamp="20231207 11:57:01.718" level="INFO">Clicking element 'xpath://html/body/div[1]/div/div[1]/div/div/form/div/section[2]/div[6]/select'.</msg>
<status status="PASS" starttime="20231207 11:57:01.716" endtime="20231207 11:57:01.863"/>
</kw>
<kw name="Sleep" library="BuiltIn">
<arg>2</arg>
<doc>Pauses the test executed for the given time.</doc>
<msg timestamp="20231207 11:57:03.872" level="INFO">Slept 2 seconds</msg>
<status status="PASS" starttime="20231207 11:57:01.863" endtime="20231207 11:57:03.872"/>
</kw>
<kw name="Run Keyword And Ignore Error" library="BuiltIn">
<arg>Scroll Element Into View</arg>
<arg>xpath://*[@id="country"]/option[14]</arg>
<doc>Runs the given keyword with the given arguments and ignores possible error.</doc>
<kw name="Scroll Element Into View" library="SeleniumLibrary">
<arg>xpath://*[@id="country"]/option[14]</arg>
<doc>Scrolls the element identified by ``locator`` into view.</doc>
<msg timestamp="20231207 11:57:04.100" level="INFO" html="true">&lt;/td&gt;&lt;/tr&gt;&lt;tr&gt;&lt;td colspan="3"&gt;&lt;a href="selenium-screenshot-3.png"&gt;&lt;img src="selenium-screenshot-3.png" width="800px"&gt;&lt;/a&gt;</msg>
<msg timestamp="20231207 11:57:04.100" level="FAIL">ElementNotInteractableException: Message: element not interactable: [object HTMLOptionElement] has no size and location
  (Session info: chrome=119.0.6045.200)
Stacktrace:
	GetHandleVerifier [0x00F072A3+45731]
	(No symbol) [0x00E92D51]
	(No symbol) [0x00D8880D]
	(No symbol) [0x00D8C3EA]
	(No symbol) [0x00D8DB1A]
	(No symbol) [0x00D8DBC0]
	(No symbol) [0x00DC0047]
	(No symbol) [0x00DBF973]
	(No symbol) [0x00DF1BF7]
	(No symbol) [0x00DD7FDC]
	(No symbol) [0x00DEB7A2]
	(No symbol) [0x00DD7DD6]
	(No symbol) [0x00DB31F6]
	(No symbol) [0x00DB439D]
	GetHandleVerifier [0x01210716+3229462]
	GetHandleVerifier [0x012584C8+3523784]
	GetHandleVerifier [0x0125214C+3498316]
	GetHandleVerifier [0x00F91680+611968]
	(No symbol) [0x00E9CCCC]
	(No symbol) [0x00E98DF8]
	(No symbol) [0x00E98F1D]
	(No symbol) [0x00E8B2C7]
	BaseThreadInitThunk [0x7702FCC9+25]
	RtlGetAppContainerNamedObjectPath [0x77A37C6E+286]
	RtlGetAppContainerNamedObjectPath [0x77A37C3E+238]
</msg>
<status status="FAIL" starttime="20231207 11:57:03.872" endtime="20231207 11:57:04.116"/>
</kw>
<status status="PASS" starttime="20231207 11:57:03.872" endtime="20231207 11:57:04.116"/>
</kw>
<kw name="Click Element" library="SeleniumLibrary">
<arg>xpath://*[@id="country"]/option[14]</arg>
<doc>Click the element identified by ``locator``.</doc>
<msg timestamp="20231207 11:57:04.116" level="INFO">Clicking element 'xpath://*[@id="country"]/option[14]'.</msg>
<status status="PASS" starttime="20231207 11:57:04.116" endtime="20231207 11:57:04.197"/>
</kw>
<kw name="Click Element" library="SeleniumLibrary">
<arg>${txt_zipcode}</arg>
<doc>Click the element identified by ``locator``.</doc>
<msg timestamp="20231207 11:57:04.200" level="INFO">Clicking element 'id:zipcode'.</msg>
<status status="PASS" starttime="20231207 11:57:04.198" endtime="20231207 11:57:04.368"/>
</kw>
<kw name="Input Text" library="SeleniumLibrary">
<arg>${txt_zipcode}</arg>
<arg>${zipcode}</arg>
<doc>Types the given ``text`` into the text field identified by ``locator``.</doc>
<msg timestamp="20231207 11:57:04.368" level="INFO">Typing text '79371' into text field 'id:zipcode'.</msg>
<status status="PASS" starttime="20231207 11:57:04.368" endtime="20231207 11:57:04.549"/>
</kw>
<kw name="Run Keyword And Ignore Error" library="BuiltIn">
<arg>Scroll Element Into View</arg>
<arg>${btn_endpage}</arg>
<doc>Runs the given keyword with the given arguments and ignores possible error.</doc>
<kw name="Scroll Element Into View" library="SeleniumLibrary">
<arg>${btn_endpage}</arg>
<doc>Scrolls the element identified by ``locator`` into view.</doc>
<status status="PASS" starttime="20231207 11:57:04.550" endtime="20231207 11:57:04.873"/>
</kw>
<status status="PASS" starttime="20231207 11:57:04.550" endtime="20231207 11:57:04.873"/>
</kw>
<kw name="Click Element" library="SeleniumLibrary">
<arg>${txt_city}</arg>
<doc>Click the element identified by ``locator``.</doc>
<msg timestamp="20231207 11:57:04.875" level="INFO">Clicking element 'id:city'.</msg>
<status status="PASS" starttime="20231207 11:57:04.874" endtime="20231207 11:57:04.980"/>
</kw>
<kw name="Input Text" library="SeleniumLibrary">
<arg>${txt_city}</arg>
<arg>${city}</arg>
<doc>Types the given ``text`` into the text field identified by ``locator``.</doc>
<msg timestamp="20231207 11:57:04.980" level="INFO">Typing text 'ALVAREZBURGH' into text field 'id:city'.</msg>
<status status="PASS" starttime="20231207 11:57:04.980" endtime="20231207 11:57:05.172"/>
</kw>
<kw name="Click Element" library="SeleniumLibrary">
<arg>${slc_occupation}</arg>
<doc>Click the element identified by ``locator``.</doc>
<msg timestamp="20231207 11:57:05.172" level="INFO">Clicking element 'id:occupation'.</msg>
<status status="PASS" starttime="20231207 11:57:05.172" endtime="20231207 11:57:05.326"/>
</kw>
<kw name="Sleep" library="BuiltIn">
<arg>2</arg>
<doc>Pauses the test executed for the given time.</doc>
<msg timestamp="20231207 11:57:07.350" level="INFO">Slept 2 seconds</msg>
<status status="PASS" starttime="20231207 11:57:05.326" endtime="20231207 11:57:07.350"/>
</kw>
<kw name="Wait Until Element Is Visible" library="SeleniumLibrary">
<arg>xpath://*[@id="occupation"]/option[6]</arg>
<doc>Waits until the element ``locator`` is visible.</doc>
<status status="PASS" starttime="20231207 11:57:07.350" endtime="20231207 11:57:07.381"/>
</kw>
<kw name="Click Element" library="SeleniumLibrary">
<arg>xpath://*[@id="occupation"]/option[6]</arg>
<doc>Click the element identified by ``locator``.</doc>
<msg timestamp="20231207 11:57:07.381" level="INFO">Clicking element 'xpath://*[@id="occupation"]/option[6]'.</msg>
<status status="PASS" starttime="20231207 11:57:07.381" endtime="20231207 11:57:07.443"/>
</kw>
<kw name="Press Keys" library="SeleniumLibrary">
<arg>NONE</arg>
<arg>ESC</arg>
<doc>Simulates the user pressing key(s) to an element or on the active browser.</doc>
<msg timestamp="20231207 11:57:07.446" level="INFO">Sending key(s) ('ESC',) to page.</msg>
<msg timestamp="20231207 11:57:07.446" level="INFO">Pressing special key ESCAPE to browser.</msg>
<msg timestamp="20231207 11:57:07.446" level="INFO">Releasing special key ESCAPE.</msg>
<status status="PASS" starttime="20231207 11:57:07.444" endtime="20231207 11:57:07.469"/>
</kw>
<kw name="Click Element" library="SeleniumLibrary">
<arg>${chk_skydiving}</arg>
<doc>Click the element identified by ``locator``.</doc>
<msg timestamp="20231207 11:57:07.470" level="INFO">Clicking element 'xpath://*[@id="insurance-form"]/div/section[2]/div[10]/p/label[4]/span'.</msg>
<status status="PASS" starttime="20231207 11:57:07.469" endtime="20231207 11:57:07.552"/>
</kw>
<kw name="Click Element" library="SeleniumLibrary">
<arg>${txt_website}</arg>
<doc>Click the element identified by ``locator``.</doc>
<msg timestamp="20231207 11:57:07.552" level="INFO">Clicking element 'id:website'.</msg>
<status status="PASS" starttime="20231207 11:57:07.552" endtime="20231207 11:57:07.645"/>
</kw>
<kw name="Input Text" library="SeleniumLibrary">
<arg>${txt_website}</arg>
<arg>${website}</arg>
<doc>Types the given ``text`` into the text field identified by ``locator``.</doc>
<msg timestamp="20231207 11:57:07.645" level="INFO">Typing text 'http://www.harris-murray.com/' into text field 'id:website'.</msg>
<status status="PASS" starttime="20231207 11:57:07.645" endtime="20231207 11:57:07.943"/>
</kw>
<kw name="Choose File" library="SeleniumLibrary">
<arg>${inp_picturecontainer}</arg>
<arg>${EXECDIR}${/}resources\\Evidencias\\${first_name}.png</arg>
<doc>Inputs the ``file_path`` into the file input field ``locator``.</doc>
<msg timestamp="20231207 11:57:07.943" level="INFO">Sending C:\Projetos\CCEE\resources\Evidencias\PAMELA.png to browser.</msg>
<status status="PASS" starttime="20231207 11:57:07.943" endtime="20231207 11:57:08.009"/>
</kw>
<kw name="Capture Page Screenshot" library="SeleniumLibrary">
<doc>Takes a screenshot of the current page and embeds it into a log file.</doc>
<msg timestamp="20231207 11:57:08.206" level="INFO" html="true">&lt;/td&gt;&lt;/tr&gt;&lt;tr&gt;&lt;td colspan="3"&gt;&lt;a href="selenium-screenshot-4.png"&gt;&lt;img src="selenium-screenshot-4.png" width="800px"&gt;&lt;/a&gt;</msg>
<status status="PASS" starttime="20231207 11:57:08.009" endtime="20231207 11:57:08.206"/>
</kw>
<kw name="Click Element" library="SeleniumLibrary">
<arg>${btn_next_enterproductdata}</arg>
<doc>Click the element identified by ``locator``.</doc>
<msg timestamp="20231207 11:57:08.207" level="INFO">Clicking element 'id:nextenterproductdata'.</msg>
<status status="PASS" starttime="20231207 11:57:08.207" endtime="20231207 11:57:08.320"/>
</kw>
<status status="PASS" starttime="20231207 11:56:59.634" endtime="20231207 11:57:08.320"/>
</kw>
<kw name="E insiro os dados da aba &quot;Enter Product Data&quot;" library="kws_insurance">
<kw name="Log To Console" library="BuiltIn">
<arg>==============================================================================</arg>
<doc>Logs the given message to the console.</doc>
<status status="PASS" starttime="20231207 11:57:08.332" endtime="20231207 11:57:08.334"/>
</kw>
<kw name="Log To Console" library="BuiltIn">
<arg>Inserindo os dados da aba "Enter Product Data"</arg>
<doc>Logs the given message to the console.</doc>
<status status="PASS" starttime="20231207 11:57:08.335" endtime="20231207 11:57:08.337"/>
</kw>
<kw name="Log To Console" library="BuiltIn">
<arg>==============================================================================\n</arg>
<doc>Logs the given message to the console.</doc>
<status status="PASS" starttime="20231207 11:57:08.337" endtime="20231207 11:57:08.339"/>
</kw>
<kw name="Get Current Date" library="DateTime">
<var>${startdate}</var>
<doc>Returns current local or UTC time with an optional increment.</doc>
<msg timestamp="20231207 11:57:08.340" level="INFO">${startdate} = 2023-12-07 11:57:08.340</msg>
[...]
<status status="PASS" starttime="20231207 11:57:30.939" endtime="20231207 11:57:31.140"/>
</kw>
<kw name="Switch Window" library="SeleniumLibrary">
<arg>MAIN</arg>
<doc>Switches to browser window matching ``locator``.</doc>
<status status="PASS" starttime="20231207 11:57:31.140" endtime="20231207 11:57:31.184"/>
</kw>
<kw name="Sleep" library="BuiltIn">
<arg>3</arg>
<doc>Pauses the test executed for the given time.</doc>
<msg timestamp="20231207 11:57:34.195" level="INFO">Slept 3 seconds</msg>
<status status="PASS" starttime="20231207 11:57:31.184" endtime="20231207 11:57:34.195"/>
</kw>
<kw name="Wait Until Element Is Visible" library="SeleniumLibrary">
<arg>${aba_select_price}</arg>
<doc>Waits until the element ``locator`` is visible.</doc>
<status status="PASS" starttime="20231207 11:57:34.195" endtime="20231207 11:57:34.262"/>
</kw>
<kw name="Click Element" library="SeleniumLibrary">
<arg>${aba_select_price}</arg>
<doc>Click the element identified by ``locator``.</doc>
<msg timestamp="20231207 11:57:34.262" level="INFO">Clicking element 'id:selectpriceoption'.</msg>
<status status="PASS" starttime="20231207 11:57:34.262" endtime="20231207 11:57:34.404"/>
</kw>
<kw name="Wait Until Element Is Visible" library="SeleniumLibrary">
<arg>${btn_next_send_quote}</arg>
<doc>Waits until the element ``locator`` is visible.</doc>
<status status="PASS" starttime="20231207 11:57:34.404" endtime="20231207 11:57:34.469"/>
</kw>
<kw name="Click Element" library="SeleniumLibrary">
<arg>${btn_next_send_quote}</arg>
<doc>Click the element identified by ``locator``.</doc>
<msg timestamp="20231207 11:57:34.471" level="INFO">Clicking element 'id:nextsendquote'.</msg>
<status status="PASS" starttime="20231207 11:57:34.469" endtime="20231207 11:57:34.593"/>
</kw>
<status status="PASS" starttime="20231207 11:57:10.301" endtime="20231207 11:57:34.593"/>
</kw>
<kw name="E insiro os dados para o envio da proposta na aba &quot;Send Quote&quot;" library="kws_insurance">
<kw name="Log To Console" library="BuiltIn">
<arg>==============================================================================</arg>
<doc>Logs the given message to the console.</doc>
<status status="PASS" starttime="20231207 11:57:34.596" endtime="20231207 11:57:34.603"/>
</kw>
<kw name="Log To Console" library="BuiltIn">
<arg>Inserindo os dados para o envio da proposta na aba "Send Quote"</arg>
<doc>Logs the given message to the console.</doc>
<status status="PASS" starttime="20231207 11:57:34.603" endtime="20231207 11:57:34.605"/>
</kw>
<kw name="Log To Console" library="BuiltIn">
<arg>==============================================================================\n</arg>
<doc>Logs the given message to the console.</doc>
<status status="PASS" starttime="20231207 11:57:34.606" endtime="20231207 11:57:34.610"/>
</kw>
<kw name="Gerar Password" library="kws_insurance">
<kw name="Generate Random String" library="String">
<var>${random_number1}</var>
<arg>2</arg>
<arg>[NUMBERS]</arg>
<doc>Generates a string with a desired ``length`` from the given ``chars``.</doc>
<msg timestamp="20231207 11:57:34.614" level="INFO">${random_number1} = 42</msg>
<status status="PASS" starttime="20231207 11:57:34.613" endtime="20231207 11:57:34.614"/>
</kw>
<kw name="Set Suite Variable" library="BuiltIn">
<arg>${1number}</arg>
<arg>${random_number1}</arg>
<doc>Makes a variable available everywhere within the scope of the current suite.</doc>
<msg timestamp="20231207 11:57:34.615" level="INFO">${1number} = 42</msg>
<status status="PASS" starttime="20231207 11:57:34.614" endtime="20231207 11:57:34.616"/>
</kw>
<kw name="Generate Random String" library="String">
<var>${random_number2}</var>
<arg>2</arg>
<arg>[NUMBERS]</arg>
<doc>Generates a string with a desired ``length`` from the given ``chars``.</doc>
<msg timestamp="20231207 11:57:34.617" level="INFO">${random_number2} = 92</msg>
<status status="PASS" starttime="20231207 11:57:34.616" endtime="20231207 11:57:34.617"/>
</kw>
<kw name="Set Suite Variable" library="BuiltIn">
<arg>${2number}</arg>
<arg>${random_number2}</arg>
<doc>Makes a variable available everywhere within the scope of the current suite.</doc>
<msg timestamp="20231207 11:57:34.625" level="INFO">${2number} = 92</msg>
<status status="PASS" starttime="20231207 11:57:34.617" endtime="20231207 11:57:34.625"/>
</kw>
<kw name="Generate Random String" library="String">
<var>${random_first}</var>
<arg>1</arg>
<arg>[LETTERS]</arg>
<doc>Generates a string with a desired ``length`` from the given ``chars``.</doc>
<msg timestamp="20231207 11:57:34.626" level="INFO">${random_first} = n</msg>
<status status="PASS" starttime="20231207 11:57:34.625" endtime="20231207 11:57:34.626"/>
</kw>
<kw name="Convert To Upper Case" library="String">
<var>${first_letter}</var>
<arg>${random_first}</arg>
<doc>Converts string to upper case.</doc>
<msg timestamp="20231207 11:57:34.629" level="INFO">${first_letter} = N</msg>
<status status="PASS" starttime="20231207 11:57:34.628" endtime="20231207 11:57:34.629"/>
</kw>
<kw name="Set Suite Variable" library="BuiltIn">
<arg>${first_letter}</arg>
<doc>Makes a variable available everywhere within the scope of the current suite.</doc>
<msg timestamp="20231207 11:57:34.630" level="INFO">${first_letter} = N</msg>
<status status="PASS" starttime="20231207 11:57:34.629" endtime="20231207 11:57:34.630"/>
</kw>
<kw name="Generate Random String" library="String">
<var>${random_second}</var>
<arg>1</arg>
<arg>[LETTERS]</arg>
<doc>Generates a string with a desired ``length`` from the given ``chars``.</doc>
<msg timestamp="20231207 11:57:34.631" level="INFO">${random_second} = D</msg>
<status status="PASS" starttime="20231207 11:57:34.631" endtime="20231207 11:57:34.632"/>
</kw>
<kw name="Convert To Lower Case" library="String">
<var>${second_letter}</var>
<arg>${random_second}</arg>
<doc>Converts string to lower case.</doc>
<msg timestamp="20231207 11:57:34.633" level="INFO">${second_letter} = d</msg>
<status status="PASS" starttime="20231207 11:57:34.632" endtime="20231207 11:57:34.633"/>
</kw>
<kw name="Set Suite Variable" library="BuiltIn">
<arg>${second_letter}</arg>
<doc>Makes a variable available everywhere within the scope of the current suite.</doc>
<msg timestamp="20231207 11:57:34.636" level="INFO">${second_letter} = d</msg>
<status status="PASS" starttime="20231207 11:57:34.634" endtime="20231207 11:57:34.636"/>
</kw>
<kw name="Set Variable" library="BuiltIn">
<var>${password}</var>
<arg>${first_letter}${1number}${second_letter}${2number}</arg>
<doc>Returns the given values which can then be assigned to a variables.</doc>
<msg timestamp="20231207 11:57:34.653" level="INFO">${password} = N42d92</msg>
<status status="PASS" starttime="20231207 11:57:34.637" endtime="20231207 11:57:34.653"/>
</kw>
<kw name="Set Suite Variable" library="BuiltIn">
<arg>${password}</arg>
<doc>Makes a variable available everywhere within the scope of the current suite.</doc>
<msg timestamp="20231207 11:57:34.654" level="INFO">${password} = N42d92</msg>
<status status="PASS" starttime="20231207 11:57:34.653" endtime="20231207 11:57:34.654"/>
</kw>
<status status="PASS" starttime="20231207 11:57:34.612" endtime="20231207 11:57:34.655"/>
</kw>
<kw name="Gera Phone Number" library="kws_insurance">
<kw name="Evaluate" library="BuiltIn">
<var>${random_number}</var>
<arg>str(random.randint(1, 99999999))</arg>
<doc>Evaluates the given expression in Python and returns the result.</doc>
<msg timestamp="20231207 11:57:34.657" level="INFO">${random_number} = 50929540</msg>
<status status="PASS" starttime="20231207 11:57:34.656" endtime="20231207 11:57:34.657"/>
</kw>
<kw name="Set Variable If" library="BuiltIn">
<var>${random_num}</var>
<arg>${RANDOM_NUMBER} &lt; 10000000</arg>
<arg>${random_number}</arg>
<arg>${random_number}</arg>
<doc>Sets variable based on the given condition.</doc>
<msg timestamp="20231207 11:57:34.658" level="INFO">${random_num} = 50929540</msg>
<status status="PASS" starttime="20231207 11:57:34.657" endtime="20231207 11:57:34.658"/>
</kw>
<kw name="Set Suite Variable" library="BuiltIn">
<arg>${phone_number}</arg>
<arg>${random_num}</arg>
<doc>Makes a variable available everywhere within the scope of the current suite.</doc>
<msg timestamp="20231207 11:57:34.668" level="INFO">${phone_number} = 50929540</msg>
<status status="PASS" starttime="20231207 11:57:34.659" endtime="20231207 11:57:34.668"/>
</kw>
<status status="PASS" starttime="20231207 11:57:34.655" endtime="20231207 11:57:34.668"/>
</kw>
<kw name="Convert To Lower Case" library="String">
<var>${email}</var>
<arg>${first_name}.${lastname}</arg>
<doc>Converts string to lower case.</doc>
<msg timestamp="20231207 11:57:34.670" level="INFO">${email} = pamela.allison</msg>
<status status="PASS" starttime="20231207 11:57:34.669" endtime="20231207 11:57:34.670"/>
</kw>
<kw name="Set Suite Variable" library="BuiltIn">
<arg>${email}</arg>
<doc>Makes a variable available everywhere within the scope of the current suite.</doc>
<msg timestamp="20231207 11:57:34.673" level="INFO">${email} = pamela.allison</msg>
<status status="PASS" starttime="20231207 11:57:34.671" endtime="20231207 11:57:34.673"/>
</kw>
<kw name="Convert To Lower Case" library="String">
<var>${username}</var>
<arg>${lastname}.${first_name}</arg>
<doc>Converts string to lower case.</doc>
<msg timestamp="20231207 11:57:34.675" level="INFO">${username} = allison.pamela</msg>
<status status="PASS" starttime="20231207 11:57:34.674" endtime="20231207 11:57:34.675"/>
</kw>
<kw name="Set Suite Variable" library="BuiltIn">
<arg>${username}</arg>
<doc>Makes a variable available everywhere within the scope of the current suite.</doc>
<msg timestamp="20231207 11:57:34.677" level="INFO">${username} = allison.pamela</msg>
<status status="PASS" starttime="20231207 11:57:34.676" endtime="20231207 11:57:34.677"/>
</kw>
<kw name="Wait Until Element Is Visible" library="SeleniumLibrary">
<arg>${txt_email}</arg>
<doc>Waits until the element ``locator`` is visible.</doc>
<status status="PASS" starttime="20231207 11:57:34.678" endtime="20231207 11:57:34.743"/>
</kw>
<kw name="Click Element" library="SeleniumLibrary">
<arg>${txt_email}</arg>
<doc>Click the element identified by ``locator``.</doc>
<msg timestamp="20231207 11:57:34.745" level="INFO">Clicking element 'id:email'.</msg>
<status status="PASS" starttime="20231207 11:57:34.743" endtime="20231207 11:57:34.848"/>
</kw>
<kw name="Input Text" library="SeleniumLibrary">
<arg>${txt_email}</arg>
<arg>${email}@ccee.com</arg>
<doc>Types the given ``text`` into the text field identified by ``locator``.</doc>
<msg timestamp="20231207 11:57:34.848" level="INFO">Typing text 'pamela.allison@ccee.com' into text field 'id:email'.</msg>
<status status="PASS" starttime="20231207 11:57:34.848" endtime="20231207 11:57:35.287"/>
</kw>
<kw name="Click Element" library="SeleniumLibrary">
<arg>${txt_phone}</arg>
<doc>Click the element identified by ``locator``.</doc>
<msg timestamp="20231207 11:57:35.289" level="INFO">Clicking element 'id:phone'.</msg>
<status status="PASS" starttime="20231207 11:57:35.288" endtime="20231207 11:57:35.380"/>
</kw>
<kw name="Input Text" library="SeleniumLibrary">
<arg>${txt_phone}</arg>
<arg>${phone_number}</arg>
<doc>Types the given ``text`` into the text field identified by ``locator``.</doc>
<msg timestamp="20231207 11:57:35.380" level="INFO">Typing text '50929540' into text field 'id:phone'.</msg>
<status status="PASS" starttime="20231207 11:57:35.380" endtime="20231207 11:57:35.569"/>
</kw>
<kw name="Click Element" library="SeleniumLibrary">
<arg>${txt_username}</arg>
<doc>Click the element identified by ``locator``.</doc>
<msg timestamp="20231207 11:57:35.569" level="INFO">Clicking element 'id:username'.</msg>
<status status="PASS" starttime="20231207 11:57:35.569" endtime="20231207 11:57:35.701"/>
</kw>
<kw name="Input Text" library="SeleniumLibrary">
<arg>${txt_username}</arg>
<arg>${username}</arg>
<doc>Types the given ``text`` into the text field identified by ``locator``.</doc>
<msg timestamp="20231207 11:57:35.703" level="INFO">Typing text 'allison.pamela' into text field 'id:username'.</msg>
<status status="PASS" starttime="20231207 11:57:35.701" endtime="20231207 11:57:35.952"/>
</kw>
<kw name="Click Element" library="SeleniumLibrary">
<arg>${txt_password}</arg>
<doc>Click the element identified by ``locator``.</doc>
<msg timestamp="20231207 11:57:35.953" level="INFO">Clicking element 'id:password'.</msg>
<status status="PASS" starttime="20231207 11:57:35.953" endtime="20231207 11:57:36.081"/>
</kw>
<kw name="Input Text" library="SeleniumLibrary">
<arg>${txt_password}</arg>
<arg>${password}</arg>
<doc>Types the given ``text`` into the text field identified by ``locator``.</doc>
<msg timestamp="20231207 11:57:36.083" level="INFO">Typing text 'N42d92' into text field 'id:password'.</msg>
<status status="PASS" starttime="20231207 11:57:36.081" endtime="20231207 11:57:36.248"/>
</kw>
<kw name="Click Element" library="SeleniumLibrary">
<arg>${txt_confirm_password}</arg>
<doc>Click the element identified by ``locator``.</doc>
<msg timestamp="20231207 11:57:36.250" level="INFO">Clicking element 'id:confirmpassword'.</msg>
<status status="PASS" starttime="20231207 11:57:36.249" endtime="20231207 11:57:36.349"/>
</kw>
<kw name="Input Text" library="SeleniumLibrary">
<arg>${txt_confirm_password}</arg>
<arg>${password}</arg>
<doc>Types the given ``text`` into the text field identified by ``locator``.</doc>
<msg timestamp="20231207 11:57:36.349" level="INFO">Typing text 'N42d92' into text field 'id:confirmpassword'.</msg>
<status status="PASS" starttime="20231207 11:57:36.349" endtime="20231207 11:57:36.541"/>
</kw>
<kw name="Click Element" library="SeleniumLibrary">
<arg>${txt_Comments}</arg>
<doc>Click the element identified by ``locator``.</doc>
<msg timestamp="20231207 11:57:36.544" level="INFO">Clicking element 'id:Comments'.</msg>
<status status="PASS" starttime="20231207 11:57:36.541" endtime="20231207 11:57:36.633"/>
</kw>
<kw name="Input Text" library="SeleniumLibrary">
<arg>${txt_Comments}</arg>
<arg>Automated Test for Insurance CCEE</arg>
<doc>Types the given ``text`` into the text field identified by ``locator``.</doc>
<msg timestamp="20231207 11:57:36.633" level="INFO">Typing text 'Automated Test for Insurance CCEE' into text field 'id:Comments'.</msg>
<status status="PASS" starttime="20231207 11:57:36.633" endtime="20231207 11:57:36.940"/>
</kw>
<kw name="Capture Page Screenshot" library="SeleniumLibrary">
<doc>Takes a screenshot of the current page and embeds it into a log file.</doc>
<msg timestamp="20231207 11:57:37.094" level="INFO" html="true">&lt;/td&gt;&lt;/tr&gt;&lt;tr&gt;&lt;td colspan="3"&gt;&lt;a href="selenium-screenshot-9.png"&gt;&lt;img src="selenium-screenshot-9.png" width="800px"&gt;&lt;/a&gt;</msg>
<status status="PASS" starttime="20231207 11:57:36.940" endtime="20231207 11:57:37.094"/>
</kw>
<kw name="Click Element" library="SeleniumLibrary">
<arg>${btn_send_email}</arg>
<doc>Click the element identified by ``locator``.</doc>
<msg timestamp="20231207 11:57:37.094" level="INFO">Clicking element 'id:sendemail'.</msg>
<status status="PASS" starttime="20231207 11:57:37.094" endtime="20231207 11:57:37.186"/>
</kw>
<status status="PASS" starttime="20231207 11:57:34.595" endtime="20231207 11:57:37.186"/>
</kw>
<kw name="Então a proposta é enviada para o cadastro efetuado" library="kws_insurance">
<kw name="Aguardando Loading" library="hooks">
<kw name="Wait Until Page Contains" library="SeleniumLibrary">
<arg>Loading...</arg>
<doc>Waits until ``text`` appears on the current page.</doc>
<status status="PASS" starttime="20231207 11:57:37.186" endtime="20231207 11:57:37.231"/>
</kw>
<kw name="Capture Page Screenshot" library="SeleniumLibrary">
<doc>Takes a screenshot of the current page and embeds it into a log file.</doc>
<msg timestamp="20231207 11:57:37.432" level="INFO" html="true">&lt;/td&gt;&lt;/tr&gt;&lt;tr&gt;&lt;td colspan="3"&gt;&lt;a href="selenium-screenshot-10.png"&gt;&lt;img src="selenium-screenshot-10.png" width="800px"&gt;&lt;/a&gt;</msg>
<status status="PASS" starttime="20231207 11:57:37.232" endtime="20231207 11:57:37.432"/>
</kw>
<kw name="Wait Until Page Does Not Contain" library="SeleniumLibrary">
<arg>Loading...</arg>
<doc>Waits until ``text`` disappears from the current page.</doc>
<status status="PASS" starttime="20231207 11:57:37.432" endtime="20231207 11:57:45.277"/>
</kw>
<status status="PASS" starttime="20231207 11:57:37.186" endtime="20231207 11:57:45.277"/>
</kw>
<kw name="Wait Until Element Is Visible" library="SeleniumLibrary">
<arg>${modal_sending_sucess}</arg>
<doc>Waits until the element ``locator`` is visible.</doc>
<status status="PASS" starttime="20231207 11:57:45.277" endtime="20231207 11:57:46.211"/>
</kw>
<kw name="Wait Until Page Contains" library="SeleniumLibrary">
<arg>Sending e-mail success!</arg>
<doc>Waits until ``text`` appears on the current page.</doc>
<status status="PASS" starttime="20231207 11:57:46.211" endtime="20231207 11:57:46.251"/>
</kw>
<kw name="Capture Page Screenshot" library="SeleniumLibrary">
<doc>Takes a screenshot of the current page and embeds it into a log file.</doc>
<msg timestamp="20231207 11:57:46.480" level="INFO" html="true">&lt;/td&gt;&lt;/tr&gt;&lt;tr&gt;&lt;td colspan="3"&gt;&lt;a href="selenium-screenshot-11.png"&gt;&lt;img src="selenium-screenshot-11.png" width="800px"&gt;&lt;/a&gt;</msg>
<status status="PASS" starttime="20231207 11:57:46.251" endtime="20231207 11:57:46.480"/>
</kw>
<kw name="Remove File" library="OperatingSystem">
<arg>${EXECDIR}${/}.\\resources\\Evidencias\\*.png</arg>
<doc>Removes a file with the given path.</doc>
<msg timestamp="20231207 11:57:46.482" level="INFO" html="true">Removed file '&lt;a href="file://C:\Projetos\CCEE\resources\Evidencias\KRISTEN.png"&gt;C:\Projetos\CCEE\resources\Evidencias\KRISTEN.png&lt;/a&gt;'.</msg>
<msg timestamp="20231207 11:57:46.482" level="INFO" html="true">Removed file '&lt;a href="file://C:\Projetos\CCEE\resources\Evidencias\PAMELA.png"&gt;C:\Projetos\CCEE\resources\Evidencias\PAMELA.png&lt;/a&gt;'.</msg>
<msg timestamp="20231207 11:57:46.482" level="INFO" html="true">Removed file '&lt;a href="file://C:\Projetos\CCEE\resources\Evidencias\STEVEN.png"&gt;C:\Projetos\CCEE\resources\Evidencias\STEVEN.png&lt;/a&gt;'.</msg>
<status status="PASS" starttime="20231207 11:57:46.481" endtime="20231207 11:57:46.482"/>
</kw>
<status status="PASS" starttime="20231207 11:57:37.186" endtime="20231207 11:57:46.482"/>
</kw>
<kw name="Close Session" library="hooks" type="TEARDOWN">
<kw name="Capture Page Screenshot" library="SeleniumLibrary">
<doc>Takes a screenshot of the current page and embeds it into a log file.</doc>
<msg timestamp="20231207 11:57:46.662" level="INFO" html="true">&lt;/td&gt;&lt;/tr&gt;&lt;tr&gt;&lt;td colspan="3"&gt;&lt;a href="selenium-screenshot-12.png"&gt;&lt;img src="selenium-screenshot-12.png" width="800px"&gt;&lt;/a&gt;</msg>
<status status="PASS" starttime="20231207 11:57:46.482" endtime="20231207 11:57:46.662"/>
</kw>
<kw name="Close Browser" library="SeleniumLibrary">
<doc>Closes the current browser.</doc>
<status status="PASS" starttime="20231207 11:57:46.663" endtime="20231207 11:57:49.689"/>
</kw>
<status status="PASS" starttime="20231207 11:57:46.482" endtime="20231207 11:57:49.689"/>
</kw>
<status status="PASS" starttime="20231207 11:56:48.785" endtime="20231207 11:57:49.689"/>
</test>
<doc>Referente aos testes de Proposta de Seguro</doc>
<status status="PASS" starttime="20231207 11:56:46.341" endtime="20231207 11:57:49.698"/>
</suite>
<statistics>
<total>
<stat pass="1" fail="0" skip="0">All Tests</stat>
</total>
<tag>
</tag>
<suite>
<stat pass="1" fail="0" skip="0" id="s1" name="Testes Automatizados CCEE">Testes Automatizados CCEE</stat>
</suite>
</statistics>
<errors>
</errors>
</robot>
