<?xml version="1.0" encoding="UTF-8"?>
<robot generator="Robot 5.0.1 (Python 3.11.3 on win32)" generated="20230623 09:49:12.981" rpa="false" schemaversion="3">
<suite id="s1" name="Registro Contrato Sis" source="c:\Qualidade-TBK\tecnobank-novo-portal\features\registro_contrato_sis.robot">
<test id="s1-t1" name="Cenario: Enviar arquivo SIS" line="24">
<kw name="Open Session" library="hooks" type="SETUP">
<kw name="Open Browser" library="SeleniumLibrary">
<arg>about:blank</arg>
<arg>${browser}</arg>
<arg>options=add_experimental_option('excludeSwitches', ['enable-logging'])</arg>
<doc>Opens a new browser instance to the optional ``url``.</doc>
<msg timestamp="20230623 09:49:15.845" level="INFO">Opening browser 'chrome' to base url 'about:blank'.</msg>
<status status="PASS" starttime="20230623 09:49:15.844" endtime="20230623 09:49:17.331"/>
</kw>
<kw name="Set Selenium Timeout" library="SeleniumLibrary">
<arg>30</arg>
<doc>Sets the timeout that is used by various keywords.</doc>
<status status="PASS" starttime="20230623 09:49:17.332" endtime="20230623 09:49:17.334"/>
</kw>
<kw name="Set Window Size" library="SeleniumLibrary">
<arg>1280</arg>
<arg>1050</arg>
<doc>Sets current windows size to given ``width`` and ``height``.</doc>
<status status="PASS" starttime="20230623 09:49:17.335" endtime="20230623 09:49:17.455"/>
</kw>
<kw name="Set Window Position" library="SeleniumLibrary">
<arg>1285</arg>
<arg>0</arg>
<doc>Sets window position using ``x`` and ``y`` coordinates.</doc>
<status status="PASS" starttime="20230623 09:49:17.456" endtime="20230623 09:49:17.579"/>
</kw>
<kw name="Go To" library="SeleniumLibrary">
<arg>${EPORTAL}</arg>
<doc>Navigates the current browser window to the provided ``url``.</doc>
<msg timestamp="20230623 09:49:17.580" level="INFO">Opening url 'https://tst-portal.tecnobank.com.br'</msg>
<status status="PASS" starttime="20230623 09:49:17.579" endtime="20230623 09:49:20.193"/>
</kw>
<status status="PASS" starttime="20230623 09:49:15.843" endtime="20230623 09:49:20.194"/>
</kw>
<kw name="Run And Return Rc And Output" library="OperatingSystem">
<arg>Powershell.exe robot -d .logs\\results -i FLAG1 -v UFS:AC ${EXECDIR}${/}\features\\registro_contrato_sis.robot &gt; ${EXECDIR}${/}\resources\Evidencias\Log\Log_${data_arq}-${datetime}.txt</arg>
<doc>Runs the given command in the system and returns the RC and output.</doc>
<msg timestamp="20230623 09:49:20.205" level="INFO">Running command 'Powershell.exe robot -d .logs\results -i FLAG1 -v UFS:AC C:\Qualidade-TBK\tecnobank-novo-portal\features\registro_contrato_sis.robot &gt; C:\Qualidade-TBK\tecnobank-novo-portal\esourcesEvidenciasLogLog_Convert Date Get Current date result_format=%d-%m-%Y-Convert Date Get Current date result_format=%I%M.txt'.</msg>
<status status="PASS" starttime="20230623 09:49:20.195" endtime="20230623 09:49:20.958"/>
</kw>
<kw name="Close Session" library="hooks" type="TEARDOWN">
<kw name="Capture Page Screenshot" library="SeleniumLibrary">
<doc>Takes a screenshot of the current page and embeds it into a log file.</doc>
<msg timestamp="20230623 09:49:21.069" level="INFO" html="true">&lt;/td&gt;&lt;/tr&gt;&lt;tr&gt;&lt;td colspan="3"&gt;&lt;a href="selenium-screenshot-7.png"&gt;&lt;img src="selenium-screenshot-7.png" width="800px"&gt;&lt;/a&gt;</msg>
<status status="PASS" starttime="20230623 09:49:20.960" endtime="20230623 09:49:21.070"/>
</kw>
<kw name="Close Browser" library="SeleniumLibrary">
<doc>Closes the current browser.</doc>
<status status="PASS" starttime="20230623 09:49:21.072" endtime="20230623 09:49:23.416"/>
</kw>
<status status="PASS" starttime="20230623 09:49:20.959" endtime="20230623 09:49:23.417"/>
</kw>
<status status="PASS" starttime="20230623 09:49:15.842" endtime="20230623 09:49:23.417"/>
</test>
<doc>Registro de Contrato via SIS - FLAG1</doc>
<status status="PASS" starttime="20230623 09:49:12.988" endtime="20230623 09:49:23.419"/>
</suite>
<statistics>
<total>
<stat pass="1" fail="0" skip="0">All Tests</stat>
</total>
<tag>
</tag>
<suite>
<stat pass="1" fail="0" skip="0" id="s1" name="Registro Contrato Sis">Registro Contrato Sis</stat>
</suite>
</statistics>
<errors>
</errors>
</robot>
